{"E:\\CrewPlus\\server\\src\\app.js": {"path":"E:\\CrewPlus\\server\\src\\app.js","statementMap":{"0":{"start":{"line":1,"column":16},"end":{"line":1,"column":34}},"1":{"start":{"line":2,"column":13},"end":{"line":2,"column":28}},"2":{"start":{"line":3,"column":15},"end":{"line":3,"column":32}},"3":{"start":{"line":4,"column":15},"end":{"line":4,"column":34}},"4":{"start":{"line":5,"column":21},"end":{"line":5,"column":57}},"5":{"start":{"line":7,"column":12},"end":{"line":7,"column":21}},"6":{"start":{"line":10,"column":0},"end":{"line":13,"column":4}},"7":{"start":{"line":14,"column":0},"end":{"line":14,"column":24}},"8":{"start":{"line":15,"column":0},"end":{"line":15,"column":48}},"9":{"start":{"line":18,"column":0},"end":{"line":20,"column":1}},"10":{"start":{"line":19,"column":2},"end":{"line":19,"column":25}},"11":{"start":{"line":23,"column":0},"end":{"line":23,"column":24}},"12":{"start":{"line":26,"column":0},"end":{"line":33,"column":3}},"13":{"start":{"line":27,"column":2},"end":{"line":32,"column":5}},"14":{"start":{"line":36,"column":0},"end":{"line":41,"column":3}},"15":{"start":{"line":37,"column":2},"end":{"line":40,"column":5}},"16":{"start":{"line":44,"column":0},"end":{"line":44,"column":22}},"17":{"start":{"line":46,"column":0},"end":{"line":46,"column":21}}},"fnMap":{"0":{"name":"(anonymous_0)","decl":{"start":{"line":26,"column":13},"end":{"line":26,"column":14}},"loc":{"start":{"line":26,"column":27},"end":{"line":33,"column":1}},"line":26},"1":{"name":"(anonymous_1)","decl":{"start":{"line":36,"column":8},"end":{"line":36,"column":9}},"loc":{"start":{"line":36,"column":22},"end":{"line":41,"column":1}},"line":36}},"branchMap":{"0":{"loc":{"start":{"line":11,"column":10},"end":{"line":11,"column":59}},"type":"binary-expr","locations":[{"start":{"line":11,"column":10},"end":{"line":11,"column":32}},{"start":{"line":11,"column":36},"end":{"line":11,"column":59}}],"line":11},"1":{"loc":{"start":{"line":18,"column":0},"end":{"line":20,"column":1}},"type":"if","locations":[{"start":{"line":18,"column":0},"end":{"line":20,"column":1}},{"start":{},"end":{}}],"line":18}},"s":{"0":6,"1":6,"2":6,"3":6,"4":6,"5":6,"6":6,"7":6,"8":6,"9":6,"10":0,"11":6,"12":6,"13":0,"14":6,"15":2,"16":6,"17":6},"f":{"0":0,"1":2},"b":{"0":[6,6],"1":[0,6]},"_coverageSchema":"1a1c01bbd47fc00a2c39e90264f33305004495a9","hash":"71260db55bb5add8eaca6d2bd995ce026dfa1009"}
,"E:\\CrewPlus\\server\\src\\config\\constants.js": {"path":"E:\\CrewPlus\\server\\src\\config\\constants.js","statementMap":{"0":{"start":{"line":1,"column":0},"end":{"line":54,"column":2}}},"fnMap":{},"branchMap":{},"s":{"0":6},"f":{},"b":{},"_coverageSchema":"1a1c01bbd47fc00a2c39e90264f33305004495a9","hash":"580bb5314b164c06de52825bbdbdaa31ea077201"}
,"E:\\CrewPlus\\server\\src\\config\\db.js": {"path":"E:\\CrewPlus\\server\\src\\config\\db.js","statementMap":{"0":{"start":{"line":1,"column":17},"end":{"line":1,"column":36}},"1":{"start":{"line":3,"column":18},"end":{"line":11,"column":1}},"2":{"start":{"line":4,"column":2},"end":{"line":10,"column":3}},"3":{"start":{"line":5,"column":17},"end":{"line":5,"column":64}},"4":{"start":{"line":6,"column":4},"end":{"line":6,"column":62}},"5":{"start":{"line":8,"column":4},"end":{"line":8,"column":45}},"6":{"start":{"line":9,"column":4},"end":{"line":9,"column":20}},"7":{"start":{"line":13,"column":0},"end":{"line":13,"column":27}}},"fnMap":{"0":{"name":"(anonymous_0)","decl":{"start":{"line":3,"column":18},"end":{"line":3,"column":19}},"loc":{"start":{"line":3,"column":30},"end":{"line":11,"column":1}},"line":3}},"branchMap":{},"s":{"0":0,"1":0,"2":0,"3":0,"4":0,"5":0,"6":0,"7":0},"f":{"0":0},"b":{}}
,"E:\\CrewPlus\\server\\src\\controllers\\authController.js": {"path":"E:\\CrewPlus\\server\\src\\controllers\\authController.js","statementMap":{"0":{"start":{"line":1,"column":13},"end":{"line":1,"column":38}},"1":{"start":{"line":2,"column":17},"end":{"line":2,"column":45}},"2":{"start":{"line":3,"column":20},"end":{"line":3,"column":51}},"3":{"start":{"line":4,"column":21},"end":{"line":4,"column":53}},"4":{"start":{"line":5,"column":22},"end":{"line":5,"column":55}},"5":{"start":{"line":6,"column":18},"end":{"line":6,"column":48}},"6":{"start":{"line":11,"column":17},"end":{"line":35,"column":2}},"7":{"start":{"line":12,"column":43},"end":{"line":12,"column":51}},"8":{"start":{"line":15,"column":23},"end":{"line":15,"column":52}},"9":{"start":{"line":16,"column":2},"end":{"line":18,"column":3}},"10":{"start":{"line":17,"column":4},"end":{"line":17,"column":69}},"11":{"start":{"line":21,"column":15},"end":{"line":27,"column":4}},"12":{"start":{"line":29,"column":16},"end":{"line":29,"column":50}},"13":{"start":{"line":31,"column":2},"end":{"line":34,"column":42}},"14":{"start":{"line":40,"column":14},"end":{"line":71,"column":2}},"15":{"start":{"line":41,"column":30},"end":{"line":41,"column":38}},"16":{"start":{"line":44,"column":15},"end":{"line":44,"column":64}},"17":{"start":{"line":46,"column":2},"end":{"line":48,"column":3}},"18":{"start":{"line":47,"column":4},"end":{"line":47,"column":61}},"19":{"start":{"line":51,"column":2},"end":{"line":53,"column":3}},"20":{"start":{"line":52,"column":4},"end":{"line":52,"column":66}},"21":{"start":{"line":56,"column":18},"end":{"line":56,"column":54}},"22":{"start":{"line":57,"column":2},"end":{"line":59,"column":3}},"23":{"start":{"line":58,"column":4},"end":{"line":58,"column":61}},"24":{"start":{"line":62,"column":2},"end":{"line":62,"column":30}},"25":{"start":{"line":63,"column":2},"end":{"line":63,"column":20}},"26":{"start":{"line":65,"column":16},"end":{"line":65,"column":50}},"27":{"start":{"line":67,"column":2},"end":{"line":70,"column":35}},"28":{"start":{"line":76,"column":14},"end":{"line":80,"column":2}},"29":{"start":{"line":77,"column":2},"end":{"line":79,"column":15}},"30":{"start":{"line":85,"column":22},"end":{"line":99,"column":2}},"31":{"start":{"line":86,"column":35},"end":{"line":86,"column":43}},"32":{"start":{"line":88,"column":15},"end":{"line":88,"column":48}},"33":{"start":{"line":90,"column":2},"end":{"line":90,"column":29}},"34":{"start":{"line":90,"column":12},"end":{"line":90,"column":29}},"35":{"start":{"line":91,"column":2},"end":{"line":91,"column":32}},"36":{"start":{"line":91,"column":13},"end":{"line":91,"column":32}},"37":{"start":{"line":92,"column":2},"end":{"line":92,"column":62}},"38":{"start":{"line":92,"column":15},"end":{"line":92,"column":62}},"39":{"start":{"line":94,"column":2},"end":{"line":94,"column":20}},"40":{"start":{"line":96,"column":2},"end":{"line":98,"column":47}},"41":{"start":{"line":104,"column":23},"end":{"line":123,"column":2}},"42":{"start":{"line":105,"column":43},"end":{"line":105,"column":51}},"43":{"start":{"line":107,"column":15},"end":{"line":107,"column":68}},"44":{"start":{"line":110,"column":18},"end":{"line":110,"column":61}},"45":{"start":{"line":111,"column":2},"end":{"line":113,"column":3}},"46":{"start":{"line":112,"column":4},"end":{"line":112,"column":63}},"47":{"start":{"line":115,"column":2},"end":{"line":115,"column":30}},"48":{"start":{"line":116,"column":2},"end":{"line":116,"column":20}},"49":{"start":{"line":118,"column":16},"end":{"line":118,"column":50}},"50":{"start":{"line":120,"column":2},"end":{"line":122,"column":48}},"51":{"start":{"line":128,"column":20},"end":{"line":155,"column":2}},"52":{"start":{"line":129,"column":51},"end":{"line":129,"column":60}},"53":{"start":{"line":131,"column":16},"end":{"line":131,"column":18}},"54":{"start":{"line":132,"column":2},"end":{"line":132,"column":30}},"55":{"start":{"line":132,"column":12},"end":{"line":132,"column":30}},"56":{"start":{"line":133,"column":2},"end":{"line":133,"column":67}},"57":{"start":{"line":133,"column":30},"end":{"line":133,"column":67}},"58":{"start":{"line":135,"column":15},"end":{"line":135,"column":33}},"59":{"start":{"line":137,"column":25},"end":{"line":144,"column":4}},"60":{"start":{"line":146,"column":2},"end":{"line":154,"column":15}},"61":{"start":{"line":160,"column":23},"end":{"line":183,"column":2}},"62":{"start":{"line":161,"column":19},"end":{"line":161,"column":27}},"63":{"start":{"line":163,"column":2},"end":{"line":165,"column":3}},"64":{"start":{"line":164,"column":4},"end":{"line":164,"column":98}},"65":{"start":{"line":167,"column":15},"end":{"line":167,"column":49}},"66":{"start":{"line":168,"column":2},"end":{"line":170,"column":3}},"67":{"start":{"line":169,"column":4},"end":{"line":169,"column":46}},"68":{"start":{"line":173,"column":2},"end":{"line":175,"column":3}},"69":{"start":{"line":174,"column":4},"end":{"line":174,"column":65}},"70":{"start":{"line":177,"column":2},"end":{"line":177,"column":19}},"71":{"start":{"line":178,"column":2},"end":{"line":178,"column":20}},"72":{"start":{"line":180,"column":2},"end":{"line":182,"column":49}},"73":{"start":{"line":188,"column":19},"end":{"line":215,"column":2}},"74":{"start":{"line":189,"column":58},"end":{"line":189,"column":66}},"75":{"start":{"line":192,"column":23},"end":{"line":192,"column":52}},"76":{"start":{"line":193,"column":2},"end":{"line":195,"column":3}},"77":{"start":{"line":194,"column":4},"end":{"line":194,"column":69}},"78":{"start":{"line":198,"column":2},"end":{"line":200,"column":3}},"79":{"start":{"line":199,"column":4},"end":{"line":199,"column":98}},"80":{"start":{"line":203,"column":15},"end":{"line":210,"column":4}},"81":{"start":{"line":212,"column":2},"end":{"line":214,"column":44}},"82":{"start":{"line":220,"column":25},"end":{"line":238,"column":2}},"83":{"start":{"line":221,"column":15},"end":{"line":221,"column":49}},"84":{"start":{"line":223,"column":2},"end":{"line":225,"column":3}},"85":{"start":{"line":224,"column":4},"end":{"line":224,"column":46}},"86":{"start":{"line":228,"column":2},"end":{"line":230,"column":3}},"87":{"start":{"line":229,"column":4},"end":{"line":229,"column":72}},"88":{"start":{"line":232,"column":2},"end":{"line":232,"column":33}},"89":{"start":{"line":233,"column":2},"end":{"line":233,"column":20}},"90":{"start":{"line":235,"column":2},"end":{"line":237,"column":83}},"91":{"start":{"line":240,"column":0},"end":{"line":250,"column":2}}},"fnMap":{"0":{"name":"(anonymous_0)","decl":{"start":{"line":11,"column":30},"end":{"line":11,"column":31}},"loc":{"start":{"line":11,"column":50},"end":{"line":35,"column":1}},"line":11},"1":{"name":"(anonymous_1)","decl":{"start":{"line":40,"column":27},"end":{"line":40,"column":28}},"loc":{"start":{"line":40,"column":47},"end":{"line":71,"column":1}},"line":40},"2":{"name":"(anonymous_2)","decl":{"start":{"line":76,"column":27},"end":{"line":76,"column":28}},"loc":{"start":{"line":76,"column":47},"end":{"line":80,"column":1}},"line":76},"3":{"name":"(anonymous_3)","decl":{"start":{"line":85,"column":35},"end":{"line":85,"column":36}},"loc":{"start":{"line":85,"column":55},"end":{"line":99,"column":1}},"line":85},"4":{"name":"(anonymous_4)","decl":{"start":{"line":104,"column":36},"end":{"line":104,"column":37}},"loc":{"start":{"line":104,"column":56},"end":{"line":123,"column":1}},"line":104},"5":{"name":"(anonymous_5)","decl":{"start":{"line":128,"column":33},"end":{"line":128,"column":34}},"loc":{"start":{"line":128,"column":53},"end":{"line":155,"column":1}},"line":128},"6":{"name":"(anonymous_6)","decl":{"start":{"line":160,"column":36},"end":{"line":160,"column":37}},"loc":{"start":{"line":160,"column":56},"end":{"line":183,"column":1}},"line":160},"7":{"name":"(anonymous_7)","decl":{"start":{"line":188,"column":32},"end":{"line":188,"column":33}},"loc":{"start":{"line":188,"column":52},"end":{"line":215,"column":1}},"line":188},"8":{"name":"(anonymous_8)","decl":{"start":{"line":220,"column":38},"end":{"line":220,"column":39}},"loc":{"start":{"line":220,"column":58},"end":{"line":238,"column":1}},"line":220}},"branchMap":{"0":{"loc":{"start":{"line":16,"column":2},"end":{"line":18,"column":3}},"type":"if","locations":[{"start":{"line":16,"column":2},"end":{"line":18,"column":3}},{"start":{},"end":{}}],"line":16},"1":{"loc":{"start":{"line":46,"column":2},"end":{"line":48,"column":3}},"type":"if","locations":[{"start":{"line":46,"column":2},"end":{"line":48,"column":3}},{"start":{},"end":{}}],"line":46},"2":{"loc":{"start":{"line":51,"column":2},"end":{"line":53,"column":3}},"type":"if","locations":[{"start":{"line":51,"column":2},"end":{"line":53,"column":3}},{"start":{},"end":{}}],"line":51},"3":{"loc":{"start":{"line":57,"column":2},"end":{"line":59,"column":3}},"type":"if","locations":[{"start":{"line":57,"column":2},"end":{"line":59,"column":3}},{"start":{},"end":{}}],"line":57},"4":{"loc":{"start":{"line":90,"column":2},"end":{"line":90,"column":29}},"type":"if","locations":[{"start":{"line":90,"column":2},"end":{"line":90,"column":29}},{"start":{},"end":{}}],"line":90},"5":{"loc":{"start":{"line":91,"column":2},"end":{"line":91,"column":32}},"type":"if","locations":[{"start":{"line":91,"column":2},"end":{"line":91,"column":32}},{"start":{},"end":{}}],"line":91},"6":{"loc":{"start":{"line":92,"column":2},"end":{"line":92,"column":62}},"type":"if","locations":[{"start":{"line":92,"column":2},"end":{"line":92,"column":62}},{"start":{},"end":{}}],"line":92},"7":{"loc":{"start":{"line":111,"column":2},"end":{"line":113,"column":3}},"type":"if","locations":[{"start":{"line":111,"column":2},"end":{"line":113,"column":3}},{"start":{},"end":{}}],"line":111},"8":{"loc":{"start":{"line":129,"column":26},"end":{"line":129,"column":34}},"type":"default-arg","locations":[{"start":{"line":129,"column":33},"end":{"line":129,"column":34}}],"line":129},"9":{"loc":{"start":{"line":129,"column":36},"end":{"line":129,"column":46}},"type":"default-arg","locations":[{"start":{"line":129,"column":44},"end":{"line":129,"column":46}}],"line":129},"10":{"loc":{"start":{"line":132,"column":2},"end":{"line":132,"column":30}},"type":"if","locations":[{"start":{"line":132,"column":2},"end":{"line":132,"column":30}},{"start":{},"end":{}}],"line":132},"11":{"loc":{"start":{"line":133,"column":2},"end":{"line":133,"column":67}},"type":"if","locations":[{"start":{"line":133,"column":2},"end":{"line":133,"column":67}},{"start":{},"end":{}}],"line":133},"12":{"loc":{"start":{"line":163,"column":2},"end":{"line":165,"column":3}},"type":"if","locations":[{"start":{"line":163,"column":2},"end":{"line":165,"column":3}},{"start":{},"end":{}}],"line":163},"13":{"loc":{"start":{"line":168,"column":2},"end":{"line":170,"column":3}},"type":"if","locations":[{"start":{"line":168,"column":2},"end":{"line":170,"column":3}},{"start":{},"end":{}}],"line":168},"14":{"loc":{"start":{"line":173,"column":2},"end":{"line":175,"column":3}},"type":"if","locations":[{"start":{"line":173,"column":2},"end":{"line":175,"column":3}},{"start":{},"end":{}}],"line":173},"15":{"loc":{"start":{"line":193,"column":2},"end":{"line":195,"column":3}},"type":"if","locations":[{"start":{"line":193,"column":2},"end":{"line":195,"column":3}},{"start":{},"end":{}}],"line":193},"16":{"loc":{"start":{"line":198,"column":2},"end":{"line":200,"column":3}},"type":"if","locations":[{"start":{"line":198,"column":2},"end":{"line":200,"column":3}},{"start":{},"end":{}}],"line":198},"17":{"loc":{"start":{"line":198,"column":6},"end":{"line":198,"column":50}},"type":"binary-expr","locations":[{"start":{"line":198,"column":6},"end":{"line":198,"column":10}},{"start":{"line":198,"column":14},"end":{"line":198,"column":50}}],"line":198},"18":{"loc":{"start":{"line":208,"column":10},"end":{"line":208,"column":32}},"type":"binary-expr","locations":[{"start":{"line":208,"column":10},"end":{"line":208,"column":14}},{"start":{"line":208,"column":18},"end":{"line":208,"column":32}}],"line":208},"19":{"loc":{"start":{"line":223,"column":2},"end":{"line":225,"column":3}},"type":"if","locations":[{"start":{"line":223,"column":2},"end":{"line":225,"column":3}},{"start":{},"end":{}}],"line":223},"20":{"loc":{"start":{"line":228,"column":2},"end":{"line":230,"column":3}},"type":"if","locations":[{"start":{"line":228,"column":2},"end":{"line":230,"column":3}},{"start":{},"end":{}}],"line":228},"21":{"loc":{"start":{"line":237,"column":13},"end":{"line":237,"column":56}},"type":"cond-expr","locations":[{"start":{"line":237,"column":29},"end":{"line":237,"column":40}},{"start":{"line":237,"column":43},"end":{"line":237,"column":56}}],"line":237}},"s":{"0":6,"1":6,"2":6,"3":6,"4":6,"5":6,"6":6,"7":2,"8":2,"9":2,"10":1,"11":1,"12":1,"13":1,"14":6,"15":4,"16":4,"17":4,"18":1,"19":3,"20":0,"21":3,"22":3,"23":1,"24":2,"25":2,"26":2,"27":2,"28":6,"29":1,"30":6,"31":1,"32":1,"33":1,"34":1,"35":1,"36":1,"37":1,"38":0,"39":1,"40":1,"41":6,"42":2,"43":2,"44":2,"45":2,"46":1,"47":1,"48":1,"49":1,"50":1,"51":6,"52":0,"53":0,"54":0,"55":0,"56":0,"57":0,"58":0,"59":0,"60":0,"61":6,"62":0,"63":0,"64":0,"65":0,"66":0,"67":0,"68":0,"69":0,"70":0,"71":0,"72":0,"73":6,"74":0,"75":0,"76":0,"77":0,"78":0,"79":0,"80":0,"81":0,"82":6,"83":0,"84":0,"85":0,"86":0,"87":0,"88":0,"89":0,"90":0,"91":6},"f":{"0":2,"1":4,"2":1,"3":1,"4":2,"5":0,"6":0,"7":0,"8":0},"b":{"0":[1,1],"1":[1,3],"2":[0,3],"3":[1,2],"4":[1,0],"5":[1,0],"6":[0,1],"7":[1,1],"8":[0],"9":[0],"10":[0,0],"11":[0,0],"12":[0,0],"13":[0,0],"14":[0,0],"15":[0,0],"16":[0,0],"17":[0,0],"18":[0,0],"19":[0,0],"20":[0,0],"21":[0,0]},"_coverageSchema":"1a1c01bbd47fc00a2c39e90264f33305004495a9","hash":"56077b401758edbd1d39a9f4b55f2697236dd256"}
,"E:\\CrewPlus\\server\\src\\controllers\\cartController.js": {"path":"E:\\CrewPlus\\server\\src\\controllers\\cartController.js","statementMap":{"0":{"start":{"line":1,"column":13},"end":{"line":1,"column":38}},"1":{"start":{"line":2,"column":16},"end":{"line":2,"column":44}},"2":{"start":{"line":3,"column":22},"end":{"line":3,"column":56}},"3":{"start":{"line":4,"column":17},"end":{"line":4,"column":45}},"4":{"start":{"line":5,"column":20},"end":{"line":5,"column":51}},"5":{"start":{"line":6,"column":21},"end":{"line":6,"column":53}},"6":{"start":{"line":9,"column":24},"end":{"line":28,"column":1}},"7":{"start":{"line":12,"column":2},"end":{"line":16,"column":3}},"8":{"start":{"line":13,"column":4},"end":{"line":13,"column":74}},"9":{"start":{"line":14,"column":9},"end":{"line":16,"column":3}},"10":{"start":{"line":15,"column":4},"end":{"line":15,"column":71}},"11":{"start":{"line":18,"column":2},"end":{"line":25,"column":3}},"12":{"start":{"line":19,"column":4},"end":{"line":23,"column":7}},"13":{"start":{"line":24,"column":4},"end":{"line":24,"column":22}},"14":{"start":{"line":27,"column":2},"end":{"line":27,"column":14}},"15":{"start":{"line":33,"column":16},"end":{"line":44,"column":2}},"16":{"start":{"line":34,"column":17},"end":{"line":34,"column":30}},"17":{"start":{"line":35,"column":20},"end":{"line":35,"column":47}},"18":{"start":{"line":37,"column":2},"end":{"line":39,"column":3}},"19":{"start":{"line":38,"column":4},"end":{"line":38,"column":68}},"20":{"start":{"line":41,"column":15},"end":{"line":41,"column":55}},"21":{"start":{"line":43,"column":2},"end":{"line":43,"column":42}},"22":{"start":{"line":49,"column":18},"end":{"line":108,"column":2}},"23":{"start":{"line":50,"column":79},"end":{"line":50,"column":87}},"24":{"start":{"line":51,"column":17},"end":{"line":51,"column":30}},"25":{"start":{"line":52,"column":20},"end":{"line":52,"column":47}},"26":{"start":{"line":54,"column":2},"end":{"line":56,"column":3}},"27":{"start":{"line":55,"column":4},"end":{"line":55,"column":68}},"28":{"start":{"line":59,"column":18},"end":{"line":59,"column":51}},"29":{"start":{"line":60,"column":2},"end":{"line":62,"column":3}},"30":{"start":{"line":61,"column":4},"end":{"line":61,"column":49}},"31":{"start":{"line":64,"column":2},"end":{"line":66,"column":3}},"32":{"start":{"line":65,"column":4},"end":{"line":65,"column":58}},"33":{"start":{"line":68,"column":2},"end":{"line":70,"column":3}},"34":{"start":{"line":69,"column":4},"end":{"line":69,"column":84}},"35":{"start":{"line":73,"column":13},"end":{"line":73,"column":53}},"36":{"start":{"line":76,"column":14},"end":{"line":76,"column":27}},"37":{"start":{"line":77,"column":2},"end":{"line":79,"column":3}},"38":{"start":{"line":78,"column":4},"end":{"line":78,"column":33}},"39":{"start":{"line":82,"column":32},"end":{"line":82,"column":34}},"40":{"start":{"line":83,"column":27},"end":{"line":83,"column":28}},"41":{"start":{"line":85,"column":2},"end":{"line":99,"column":3}},"42":{"start":{"line":86,"column":29},"end":{"line":86,"column":76}},"43":{"start":{"line":86,"column":53},"end":{"line":86,"column":75}},"44":{"start":{"line":87,"column":30},"end":{"line":90,"column":6}},"45":{"start":{"line":92,"column":4},"end":{"line":96,"column":8}},"46":{"start":{"line":92,"column":61},"end":{"line":96,"column":5}},"47":{"start":{"line":98,"column":4},"end":{"line":98,"column":86}},"48":{"start":{"line":98,"column":68},"end":{"line":98,"column":81}},"49":{"start":{"line":102,"column":2},"end":{"line":102,"column":107}},"50":{"start":{"line":105,"column":2},"end":{"line":105,"column":65}},"51":{"start":{"line":107,"column":2},"end":{"line":107,"column":64}},"52":{"start":{"line":113,"column":23},"end":{"line":153,"column":2}},"53":{"start":{"line":114,"column":21},"end":{"line":114,"column":31}},"54":{"start":{"line":115,"column":23},"end":{"line":115,"column":31}},"55":{"start":{"line":116,"column":17},"end":{"line":116,"column":30}},"56":{"start":{"line":117,"column":20},"end":{"line":117,"column":47}},"57":{"start":{"line":119,"column":2},"end":{"line":121,"column":3}},"58":{"start":{"line":120,"column":4},"end":{"line":120,"column":68}},"59":{"start":{"line":124,"column":2},"end":{"line":128,"column":3}},"60":{"start":{"line":125,"column":4},"end":{"line":125,"column":48}},"61":{"start":{"line":127,"column":4},"end":{"line":127,"column":45}},"62":{"start":{"line":130,"column":2},"end":{"line":132,"column":3}},"63":{"start":{"line":131,"column":4},"end":{"line":131,"column":46}},"64":{"start":{"line":134,"column":15},"end":{"line":134,"column":36}},"65":{"start":{"line":135,"column":2},"end":{"line":137,"column":3}},"66":{"start":{"line":136,"column":4},"end":{"line":136,"column":54}},"67":{"start":{"line":140,"column":2},"end":{"line":145,"column":3}},"68":{"start":{"line":141,"column":20},"end":{"line":141,"column":56}},"69":{"start":{"line":142,"column":4},"end":{"line":144,"column":5}},"70":{"start":{"line":143,"column":6},"end":{"line":143,"column":86}},"71":{"start":{"line":147,"column":2},"end":{"line":147,"column":50}},"72":{"start":{"line":150,"column":2},"end":{"line":150,"column":65}},"73":{"start":{"line":152,"column":2},"end":{"line":152,"column":58}},"74":{"start":{"line":158,"column":23},"end":{"line":184,"column":2}},"75":{"start":{"line":159,"column":21},"end":{"line":159,"column":31}},"76":{"start":{"line":160,"column":17},"end":{"line":160,"column":30}},"77":{"start":{"line":161,"column":20},"end":{"line":161,"column":47}},"78":{"start":{"line":163,"column":2},"end":{"line":165,"column":3}},"79":{"start":{"line":164,"column":4},"end":{"line":164,"column":68}},"80":{"start":{"line":168,"column":2},"end":{"line":172,"column":3}},"81":{"start":{"line":169,"column":4},"end":{"line":169,"column":48}},"82":{"start":{"line":171,"column":4},"end":{"line":171,"column":45}},"83":{"start":{"line":174,"column":2},"end":{"line":176,"column":3}},"84":{"start":{"line":175,"column":4},"end":{"line":175,"column":46}},"85":{"start":{"line":178,"column":2},"end":{"line":178,"column":32}},"86":{"start":{"line":181,"column":2},"end":{"line":181,"column":65}},"87":{"start":{"line":183,"column":2},"end":{"line":183,"column":68}},"88":{"start":{"line":189,"column":18},"end":{"line":211,"column":2}},"89":{"start":{"line":190,"column":17},"end":{"line":190,"column":30}},"90":{"start":{"line":191,"column":20},"end":{"line":191,"column":47}},"91":{"start":{"line":193,"column":2},"end":{"line":195,"column":3}},"92":{"start":{"line":194,"column":4},"end":{"line":194,"column":68}},"93":{"start":{"line":198,"column":2},"end":{"line":202,"column":3}},"94":{"start":{"line":199,"column":4},"end":{"line":199,"column":48}},"95":{"start":{"line":201,"column":4},"end":{"line":201,"column":45}},"96":{"start":{"line":204,"column":2},"end":{"line":206,"column":3}},"97":{"start":{"line":205,"column":4},"end":{"line":205,"column":46}},"98":{"start":{"line":208,"column":2},"end":{"line":208,"column":25}},"99":{"start":{"line":210,"column":2},"end":{"line":210,"column":58}},"100":{"start":{"line":216,"column":18},"end":{"line":271,"column":2}},"101":{"start":{"line":217,"column":24},"end":{"line":217,"column":32}},"102":{"start":{"line":218,"column":17},"end":{"line":218,"column":29}},"103":{"start":{"line":220,"column":2},"end":{"line":222,"column":3}},"104":{"start":{"line":221,"column":4},"end":{"line":221,"column":53}},"105":{"start":{"line":225,"column":20},"end":{"line":225,"column":79}},"106":{"start":{"line":227,"column":2},"end":{"line":234,"column":3}},"107":{"start":{"line":229,"column":19},"end":{"line":229,"column":81}},"108":{"start":{"line":230,"column":4},"end":{"line":232,"column":5}},"109":{"start":{"line":231,"column":6},"end":{"line":231,"column":64}},"110":{"start":{"line":233,"column":4},"end":{"line":233,"column":61}},"111":{"start":{"line":237,"column":17},"end":{"line":237,"column":53}},"112":{"start":{"line":238,"column":2},"end":{"line":240,"column":3}},"113":{"start":{"line":239,"column":4},"end":{"line":239,"column":62}},"114":{"start":{"line":243,"column":2},"end":{"line":260,"column":3}},"115":{"start":{"line":244,"column":25},"end":{"line":247,"column":5}},"116":{"start":{"line":245,"column":14},"end":{"line":246,"column":42}},"117":{"start":{"line":249,"column":4},"end":{"line":259,"column":5}},"118":{"start":{"line":250,"column":6},"end":{"line":250,"column":50}},"119":{"start":{"line":252,"column":6},"end":{"line":258,"column":9}},"120":{"start":{"line":262,"column":2},"end":{"line":262,"column":24}},"121":{"start":{"line":265,"column":2},"end":{"line":265,"column":46}},"122":{"start":{"line":268,"column":2},"end":{"line":268,"column":73}},"123":{"start":{"line":270,"column":2},"end":{"line":270,"column":80}},"124":{"start":{"line":273,"column":0},"end":{"line":280,"column":2}}},"fnMap":{"0":{"name":"(anonymous_0)","decl":{"start":{"line":9,"column":24},"end":{"line":9,"column":25}},"loc":{"start":{"line":9,"column":53},"end":{"line":28,"column":1}},"line":9},"1":{"name":"(anonymous_1)","decl":{"start":{"line":33,"column":29},"end":{"line":33,"column":30}},"loc":{"start":{"line":33,"column":49},"end":{"line":44,"column":1}},"line":33},"2":{"name":"(anonymous_2)","decl":{"start":{"line":49,"column":31},"end":{"line":49,"column":32}},"loc":{"start":{"line":49,"column":51},"end":{"line":108,"column":1}},"line":49},"3":{"name":"(anonymous_3)","decl":{"start":{"line":86,"column":48},"end":{"line":86,"column":49}},"loc":{"start":{"line":86,"column":53},"end":{"line":86,"column":75}},"line":86},"4":{"name":"(anonymous_4)","decl":{"start":{"line":92,"column":52},"end":{"line":92,"column":53}},"loc":{"start":{"line":92,"column":61},"end":{"line":96,"column":5}},"line":92},"5":{"name":"(anonymous_5)","decl":{"start":{"line":98,"column":56},"end":{"line":98,"column":57}},"loc":{"start":{"line":98,"column":68},"end":{"line":98,"column":81}},"line":98},"6":{"name":"(anonymous_6)","decl":{"start":{"line":113,"column":36},"end":{"line":113,"column":37}},"loc":{"start":{"line":113,"column":56},"end":{"line":153,"column":1}},"line":113},"7":{"name":"(anonymous_7)","decl":{"start":{"line":158,"column":36},"end":{"line":158,"column":37}},"loc":{"start":{"line":158,"column":56},"end":{"line":184,"column":1}},"line":158},"8":{"name":"(anonymous_8)","decl":{"start":{"line":189,"column":31},"end":{"line":189,"column":32}},"loc":{"start":{"line":189,"column":51},"end":{"line":211,"column":1}},"line":189},"9":{"name":"(anonymous_9)","decl":{"start":{"line":216,"column":31},"end":{"line":216,"column":32}},"loc":{"start":{"line":216,"column":51},"end":{"line":271,"column":1}},"line":216},"10":{"name":"(anonymous_10)","decl":{"start":{"line":245,"column":6},"end":{"line":245,"column":7}},"loc":{"start":{"line":245,"column":14},"end":{"line":246,"column":42}},"line":245}},"branchMap":{"0":{"loc":{"start":{"line":12,"column":2},"end":{"line":16,"column":3}},"type":"if","locations":[{"start":{"line":12,"column":2},"end":{"line":16,"column":3}},{"start":{"line":14,"column":9},"end":{"line":16,"column":3}}],"line":12},"1":{"loc":{"start":{"line":14,"column":9},"end":{"line":16,"column":3}},"type":"if","locations":[{"start":{"line":14,"column":9},"end":{"line":16,"column":3}},{"start":{},"end":{}}],"line":14},"2":{"loc":{"start":{"line":18,"column":2},"end":{"line":25,"column":3}},"type":"if","locations":[{"start":{"line":18,"column":2},"end":{"line":25,"column":3}},{"start":{},"end":{}}],"line":18},"3":{"loc":{"start":{"line":20,"column":12},"end":{"line":20,"column":31}},"type":"binary-expr","locations":[{"start":{"line":20,"column":12},"end":{"line":20,"column":18}},{"start":{"line":20,"column":22},"end":{"line":20,"column":31}}],"line":20},"4":{"loc":{"start":{"line":21,"column":17},"end":{"line":21,"column":47}},"type":"cond-expr","locations":[{"start":{"line":21,"column":26},"end":{"line":21,"column":35}},{"start":{"line":21,"column":38},"end":{"line":21,"column":47}}],"line":21},"5":{"loc":{"start":{"line":37,"column":2},"end":{"line":39,"column":3}},"type":"if","locations":[{"start":{"line":37,"column":2},"end":{"line":39,"column":3}},{"start":{},"end":{}}],"line":37},"6":{"loc":{"start":{"line":37,"column":6},"end":{"line":37,"column":27}},"type":"binary-expr","locations":[{"start":{"line":37,"column":6},"end":{"line":37,"column":13}},{"start":{"line":37,"column":17},"end":{"line":37,"column":27}}],"line":37},"7":{"loc":{"start":{"line":50,"column":31},"end":{"line":50,"column":46}},"type":"default-arg","locations":[{"start":{"line":50,"column":38},"end":{"line":50,"column":46}}],"line":50},"8":{"loc":{"start":{"line":50,"column":55},"end":{"line":50,"column":74}},"type":"default-arg","locations":[{"start":{"line":50,"column":72},"end":{"line":50,"column":74}}],"line":50},"9":{"loc":{"start":{"line":54,"column":2},"end":{"line":56,"column":3}},"type":"if","locations":[{"start":{"line":54,"column":2},"end":{"line":56,"column":3}},{"start":{},"end":{}}],"line":54},"10":{"loc":{"start":{"line":54,"column":6},"end":{"line":54,"column":27}},"type":"binary-expr","locations":[{"start":{"line":54,"column":6},"end":{"line":54,"column":13}},{"start":{"line":54,"column":17},"end":{"line":54,"column":27}}],"line":54},"11":{"loc":{"start":{"line":60,"column":2},"end":{"line":62,"column":3}},"type":"if","locations":[{"start":{"line":60,"column":2},"end":{"line":62,"column":3}},{"start":{},"end":{}}],"line":60},"12":{"loc":{"start":{"line":64,"column":2},"end":{"line":66,"column":3}},"type":"if","locations":[{"start":{"line":64,"column":2},"end":{"line":66,"column":3}},{"start":{},"end":{}}],"line":64},"13":{"loc":{"start":{"line":68,"column":2},"end":{"line":70,"column":3}},"type":"if","locations":[{"start":{"line":68,"column":2},"end":{"line":70,"column":3}},{"start":{},"end":{}}],"line":68},"14":{"loc":{"start":{"line":77,"column":2},"end":{"line":79,"column":3}},"type":"if","locations":[{"start":{"line":77,"column":2},"end":{"line":79,"column":3}},{"start":{},"end":{}}],"line":77},"15":{"loc":{"start":{"line":77,"column":6},"end":{"line":77,"column":44}},"type":"binary-expr","locations":[{"start":{"line":77,"column":6},"end":{"line":77,"column":20}},{"start":{"line":77,"column":24},"end":{"line":77,"column":44}}],"line":77},"16":{"loc":{"start":{"line":85,"column":2},"end":{"line":99,"column":3}},"type":"if","locations":[{"start":{"line":85,"column":2},"end":{"line":99,"column":3}},{"start":{},"end":{}}],"line":85},"17":{"loc":{"start":{"line":86,"column":53},"end":{"line":86,"column":75}},"type":"binary-expr","locations":[{"start":{"line":86,"column":53},"end":{"line":86,"column":70}},{"start":{"line":86,"column":74},"end":{"line":86,"column":75}}],"line":86},"18":{"loc":{"start":{"line":119,"column":2},"end":{"line":121,"column":3}},"type":"if","locations":[{"start":{"line":119,"column":2},"end":{"line":121,"column":3}},{"start":{},"end":{}}],"line":119},"19":{"loc":{"start":{"line":119,"column":6},"end":{"line":119,"column":27}},"type":"binary-expr","locations":[{"start":{"line":119,"column":6},"end":{"line":119,"column":13}},{"start":{"line":119,"column":17},"end":{"line":119,"column":27}}],"line":119},"20":{"loc":{"start":{"line":124,"column":2},"end":{"line":128,"column":3}},"type":"if","locations":[{"start":{"line":124,"column":2},"end":{"line":128,"column":3}},{"start":{"line":126,"column":9},"end":{"line":128,"column":3}}],"line":124},"21":{"loc":{"start":{"line":130,"column":2},"end":{"line":132,"column":3}},"type":"if","locations":[{"start":{"line":130,"column":2},"end":{"line":132,"column":3}},{"start":{},"end":{}}],"line":130},"22":{"loc":{"start":{"line":135,"column":2},"end":{"line":137,"column":3}},"type":"if","locations":[{"start":{"line":135,"column":2},"end":{"line":137,"column":3}},{"start":{},"end":{}}],"line":135},"23":{"loc":{"start":{"line":140,"column":2},"end":{"line":145,"column":3}},"type":"if","locations":[{"start":{"line":140,"column":2},"end":{"line":145,"column":3}},{"start":{},"end":{}}],"line":140},"24":{"loc":{"start":{"line":142,"column":4},"end":{"line":144,"column":5}},"type":"if","locations":[{"start":{"line":142,"column":4},"end":{"line":144,"column":5}},{"start":{},"end":{}}],"line":142},"25":{"loc":{"start":{"line":163,"column":2},"end":{"line":165,"column":3}},"type":"if","locations":[{"start":{"line":163,"column":2},"end":{"line":165,"column":3}},{"start":{},"end":{}}],"line":163},"26":{"loc":{"start":{"line":163,"column":6},"end":{"line":163,"column":27}},"type":"binary-expr","locations":[{"start":{"line":163,"column":6},"end":{"line":163,"column":13}},{"start":{"line":163,"column":17},"end":{"line":163,"column":27}}],"line":163},"27":{"loc":{"start":{"line":168,"column":2},"end":{"line":172,"column":3}},"type":"if","locations":[{"start":{"line":168,"column":2},"end":{"line":172,"column":3}},{"start":{"line":170,"column":9},"end":{"line":172,"column":3}}],"line":168},"28":{"loc":{"start":{"line":174,"column":2},"end":{"line":176,"column":3}},"type":"if","locations":[{"start":{"line":174,"column":2},"end":{"line":176,"column":3}},{"start":{},"end":{}}],"line":174},"29":{"loc":{"start":{"line":193,"column":2},"end":{"line":195,"column":3}},"type":"if","locations":[{"start":{"line":193,"column":2},"end":{"line":195,"column":3}},{"start":{},"end":{}}],"line":193},"30":{"loc":{"start":{"line":193,"column":6},"end":{"line":193,"column":27}},"type":"binary-expr","locations":[{"start":{"line":193,"column":6},"end":{"line":193,"column":13}},{"start":{"line":193,"column":17},"end":{"line":193,"column":27}}],"line":193},"31":{"loc":{"start":{"line":198,"column":2},"end":{"line":202,"column":3}},"type":"if","locations":[{"start":{"line":198,"column":2},"end":{"line":202,"column":3}},{"start":{"line":200,"column":9},"end":{"line":202,"column":3}}],"line":198},"32":{"loc":{"start":{"line":204,"column":2},"end":{"line":206,"column":3}},"type":"if","locations":[{"start":{"line":204,"column":2},"end":{"line":206,"column":3}},{"start":{},"end":{}}],"line":204},"33":{"loc":{"start":{"line":220,"column":2},"end":{"line":222,"column":3}},"type":"if","locations":[{"start":{"line":220,"column":2},"end":{"line":222,"column":3}},{"start":{},"end":{}}],"line":220},"34":{"loc":{"start":{"line":227,"column":2},"end":{"line":234,"column":3}},"type":"if","locations":[{"start":{"line":227,"column":2},"end":{"line":234,"column":3}},{"start":{},"end":{}}],"line":227},"35":{"loc":{"start":{"line":227,"column":6},"end":{"line":227,"column":48}},"type":"binary-expr","locations":[{"start":{"line":227,"column":6},"end":{"line":227,"column":16}},{"start":{"line":227,"column":20},"end":{"line":227,"column":48}}],"line":227},"36":{"loc":{"start":{"line":230,"column":4},"end":{"line":232,"column":5}},"type":"if","locations":[{"start":{"line":230,"column":4},"end":{"line":232,"column":5}},{"start":{},"end":{}}],"line":230},"37":{"loc":{"start":{"line":238,"column":2},"end":{"line":240,"column":3}},"type":"if","locations":[{"start":{"line":238,"column":2},"end":{"line":240,"column":3}},{"start":{},"end":{}}],"line":238},"38":{"loc":{"start":{"line":245,"column":14},"end":{"line":246,"column":42}},"type":"binary-expr","locations":[{"start":{"line":245,"column":14},"end":{"line":245,"column":74}},{"start":{"line":246,"column":14},"end":{"line":246,"column":42}}],"line":245},"39":{"loc":{"start":{"line":249,"column":4},"end":{"line":259,"column":5}},"type":"if","locations":[{"start":{"line":249,"column":4},"end":{"line":259,"column":5}},{"start":{"line":251,"column":11},"end":{"line":259,"column":5}}],"line":249}},"s":{"0":6,"1":6,"2":6,"3":6,"4":6,"5":6,"6":6,"7":17,"8":12,"9":5,"10":5,"11":17,"12":16,"13":16,"14":17,"15":6,"16":3,"17":3,"18":3,"19":1,"20":2,"21":2,"22":6,"23":18,"24":18,"25":18,"26":18,"27":0,"28":18,"29":18,"30":1,"31":17,"32":1,"33":16,"34":1,"35":15,"36":15,"37":15,"38":15,"39":15,"40":15,"41":15,"42":0,"43":0,"44":0,"45":0,"46":0,"47":0,"48":0,"49":15,"50":15,"51":15,"52":6,"53":2,"54":2,"55":2,"56":2,"57":2,"58":0,"59":2,"60":2,"61":0,"62":2,"63":0,"64":2,"65":2,"66":1,"67":1,"68":1,"69":1,"70":0,"71":1,"72":1,"73":1,"74":6,"75":1,"76":1,"77":1,"78":1,"79":0,"80":1,"81":1,"82":0,"83":1,"84":0,"85":1,"86":1,"87":1,"88":6,"89":2,"90":2,"91":2,"92":0,"93":2,"94":2,"95":0,"96":2,"97":0,"98":2,"99":2,"100":6,"101":2,"102":2,"103":2,"104":1,"105":1,"106":1,"107":0,"108":0,"109":0,"110":0,"111":1,"112":1,"113":1,"114":1,"115":1,"116":0,"117":1,"118":0,"119":1,"120":1,"121":1,"122":1,"123":1,"124":6},"f":{"0":17,"1":3,"2":18,"3":0,"4":0,"5":0,"6":2,"7":1,"8":2,"9":2,"10":0},"b":{"0":[12,5],"1":[5,0],"2":[16,1],"3":[16,5],"4":[11,5],"5":[1,2],"6":[3,2],"7":[3],"8":[18],"9":[0,18],"10":[18,4],"11":[1,17],"12":[1,16],"13":[1,15],"14":[15,0],"15":[15,15],"16":[0,15],"17":[0,0],"18":[0,2],"19":[2,0],"20":[2,0],"21":[0,2],"22":[1,1],"23":[1,0],"24":[0,1],"25":[0,1],"26":[1,0],"27":[1,0],"28":[0,1],"29":[0,2],"30":[2,0],"31":[2,0],"32":[0,2],"33":[1,1],"34":[0,1],"35":[1,1],"36":[0,0],"37":[1,0],"38":[0,0],"39":[0,1]},"_coverageSchema":"1a1c01bbd47fc00a2c39e90264f33305004495a9","hash":"ebe634c5894d2736abb9b27d2e44b59354d8f555"}
,"E:\\CrewPlus\\server\\src\\controllers\\couponController.js": {"path":"E:\\CrewPlus\\server\\src\\controllers\\couponController.js","statementMap":{"0":{"start":{"line":1,"column":15},"end":{"line":1,"column":42}},"1":{"start":{"line":2,"column":17},"end":{"line":2,"column":45}},"2":{"start":{"line":3,"column":20},"end":{"line":3,"column":51}},"3":{"start":{"line":4,"column":21},"end":{"line":4,"column":53}},"4":{"start":{"line":9,"column":21},"end":{"line":45,"column":2}},"5":{"start":{"line":22,"column":6},"end":{"line":22,"column":14}},"6":{"start":{"line":25,"column":25},"end":{"line":25,"column":75}},"7":{"start":{"line":26,"column":2},"end":{"line":28,"column":3}},"8":{"start":{"line":27,"column":4},"end":{"line":27,"column":60}},"9":{"start":{"line":30,"column":17},"end":{"line":42,"column":4}},"10":{"start":{"line":44,"column":2},"end":{"line":44,"column":75}},"11":{"start":{"line":50,"column":22},"end":{"line":75,"column":2}},"12":{"start":{"line":51,"column":45},"end":{"line":51,"column":54}},"13":{"start":{"line":53,"column":16},"end":{"line":53,"column":18}},"14":{"start":{"line":54,"column":2},"end":{"line":54,"column":67}},"15":{"start":{"line":54,"column":30},"end":{"line":54,"column":67}},"16":{"start":{"line":56,"column":15},"end":{"line":56,"column":33}},"17":{"start":{"line":58,"column":27},"end":{"line":64,"column":4}},"18":{"start":{"line":66,"column":2},"end":{"line":74,"column":15}},"19":{"start":{"line":80,"column":18},"end":{"line":88,"column":2}},"20":{"start":{"line":81,"column":17},"end":{"line":81,"column":53}},"21":{"start":{"line":83,"column":2},"end":{"line":85,"column":3}},"22":{"start":{"line":84,"column":4},"end":{"line":84,"column":48}},"23":{"start":{"line":87,"column":2},"end":{"line":87,"column":44}},"24":{"start":{"line":93,"column":21},"end":{"line":123,"column":2}},"25":{"start":{"line":94,"column":17},"end":{"line":94,"column":53}},"26":{"start":{"line":96,"column":2},"end":{"line":98,"column":3}},"27":{"start":{"line":97,"column":4},"end":{"line":97,"column":48}},"28":{"start":{"line":100,"column":25},"end":{"line":112,"column":3}},"29":{"start":{"line":114,"column":2},"end":{"line":118,"column":5}},"30":{"start":{"line":115,"column":4},"end":{"line":117,"column":5}},"31":{"start":{"line":116,"column":6},"end":{"line":116,"column":38}},"32":{"start":{"line":120,"column":2},"end":{"line":120,"column":22}},"33":{"start":{"line":122,"column":2},"end":{"line":122,"column":75}},"34":{"start":{"line":128,"column":21},"end":{"line":138,"column":2}},"35":{"start":{"line":129,"column":17},"end":{"line":129,"column":53}},"36":{"start":{"line":131,"column":2},"end":{"line":133,"column":3}},"37":{"start":{"line":132,"column":4},"end":{"line":132,"column":48}},"38":{"start":{"line":135,"column":2},"end":{"line":135,"column":48}},"39":{"start":{"line":137,"column":2},"end":{"line":137,"column":69}},"40":{"start":{"line":143,"column":23},"end":{"line":200,"column":2}},"41":{"start":{"line":144,"column":29},"end":{"line":144,"column":37}},"42":{"start":{"line":145,"column":17},"end":{"line":145,"column":30}},"43":{"start":{"line":147,"column":2},"end":{"line":149,"column":3}},"44":{"start":{"line":148,"column":4},"end":{"line":148,"column":57}},"45":{"start":{"line":151,"column":17},"end":{"line":151,"column":67}},"46":{"start":{"line":153,"column":2},"end":{"line":155,"column":3}},"47":{"start":{"line":154,"column":4},"end":{"line":154,"column":48}},"48":{"start":{"line":158,"column":14},"end":{"line":158,"column":24}},"49":{"start":{"line":159,"column":2},"end":{"line":161,"column":3}},"50":{"start":{"line":160,"column":4},"end":{"line":160,"column":65}},"51":{"start":{"line":163,"column":2},"end":{"line":165,"column":3}},"52":{"start":{"line":164,"column":4},"end":{"line":164,"column":62}},"53":{"start":{"line":167,"column":2},"end":{"line":169,"column":3}},"54":{"start":{"line":168,"column":4},"end":{"line":168,"column":57}},"55":{"start":{"line":171,"column":2},"end":{"line":173,"column":3}},"56":{"start":{"line":172,"column":4},"end":{"line":172,"column":73}},"57":{"start":{"line":176,"column":2},"end":{"line":181,"column":3}},"58":{"start":{"line":177,"column":23},"end":{"line":177,"column":89}},"59":{"start":{"line":177,"column":49},"end":{"line":177,"column":88}},"60":{"start":{"line":178,"column":4},"end":{"line":180,"column":5}},"61":{"start":{"line":179,"column":6},"end":{"line":179,"column":97}},"62":{"start":{"line":184,"column":2},"end":{"line":186,"column":3}},"63":{"start":{"line":185,"column":4},"end":{"line":185,"column":108}},"64":{"start":{"line":189,"column":19},"end":{"line":189,"column":53}},"65":{"start":{"line":191,"column":2},"end":{"line":199,"column":46}},"66":{"start":{"line":205,"column":27},"end":{"line":216,"column":2}},"67":{"start":{"line":206,"column":17},"end":{"line":206,"column":53}},"68":{"start":{"line":208,"column":2},"end":{"line":210,"column":3}},"69":{"start":{"line":209,"column":4},"end":{"line":209,"column":48}},"70":{"start":{"line":212,"column":2},"end":{"line":212,"column":37}},"71":{"start":{"line":213,"column":2},"end":{"line":213,"column":22}},"72":{"start":{"line":215,"column":2},"end":{"line":215,"column":116}},"73":{"start":{"line":218,"column":0},"end":{"line":226,"column":2}}},"fnMap":{"0":{"name":"(anonymous_0)","decl":{"start":{"line":9,"column":34},"end":{"line":9,"column":35}},"loc":{"start":{"line":9,"column":54},"end":{"line":45,"column":1}},"line":9},"1":{"name":"(anonymous_1)","decl":{"start":{"line":50,"column":35},"end":{"line":50,"column":36}},"loc":{"start":{"line":50,"column":55},"end":{"line":75,"column":1}},"line":50},"2":{"name":"(anonymous_2)","decl":{"start":{"line":80,"column":31},"end":{"line":80,"column":32}},"loc":{"start":{"line":80,"column":51},"end":{"line":88,"column":1}},"line":80},"3":{"name":"(anonymous_3)","decl":{"start":{"line":93,"column":34},"end":{"line":93,"column":35}},"loc":{"start":{"line":93,"column":54},"end":{"line":123,"column":1}},"line":93},"4":{"name":"(anonymous_4)","decl":{"start":{"line":114,"column":25},"end":{"line":114,"column":26}},"loc":{"start":{"line":114,"column":34},"end":{"line":118,"column":3}},"line":114},"5":{"name":"(anonymous_5)","decl":{"start":{"line":128,"column":34},"end":{"line":128,"column":35}},"loc":{"start":{"line":128,"column":54},"end":{"line":138,"column":1}},"line":128},"6":{"name":"(anonymous_6)","decl":{"start":{"line":143,"column":36},"end":{"line":143,"column":37}},"loc":{"start":{"line":143,"column":56},"end":{"line":200,"column":1}},"line":143},"7":{"name":"(anonymous_7)","decl":{"start":{"line":177,"column":44},"end":{"line":177,"column":45}},"loc":{"start":{"line":177,"column":49},"end":{"line":177,"column":88}},"line":177},"8":{"name":"(anonymous_8)","decl":{"start":{"line":205,"column":40},"end":{"line":205,"column":41}},"loc":{"start":{"line":205,"column":60},"end":{"line":216,"column":1}},"line":205}},"branchMap":{"0":{"loc":{"start":{"line":26,"column":2},"end":{"line":28,"column":3}},"type":"if","locations":[{"start":{"line":26,"column":2},"end":{"line":28,"column":3}},{"start":{},"end":{}}],"line":26},"1":{"loc":{"start":{"line":51,"column":20},"end":{"line":51,"column":28}},"type":"default-arg","locations":[{"start":{"line":51,"column":27},"end":{"line":51,"column":28}}],"line":51},"2":{"loc":{"start":{"line":51,"column":30},"end":{"line":51,"column":40}},"type":"default-arg","locations":[{"start":{"line":51,"column":38},"end":{"line":51,"column":40}}],"line":51},"3":{"loc":{"start":{"line":54,"column":2},"end":{"line":54,"column":67}},"type":"if","locations":[{"start":{"line":54,"column":2},"end":{"line":54,"column":67}},{"start":{},"end":{}}],"line":54},"4":{"loc":{"start":{"line":83,"column":2},"end":{"line":85,"column":3}},"type":"if","locations":[{"start":{"line":83,"column":2},"end":{"line":85,"column":3}},{"start":{},"end":{}}],"line":83},"5":{"loc":{"start":{"line":96,"column":2},"end":{"line":98,"column":3}},"type":"if","locations":[{"start":{"line":96,"column":2},"end":{"line":98,"column":3}},{"start":{},"end":{}}],"line":96},"6":{"loc":{"start":{"line":115,"column":4},"end":{"line":117,"column":5}},"type":"if","locations":[{"start":{"line":115,"column":4},"end":{"line":117,"column":5}},{"start":{},"end":{}}],"line":115},"7":{"loc":{"start":{"line":131,"column":2},"end":{"line":133,"column":3}},"type":"if","locations":[{"start":{"line":131,"column":2},"end":{"line":133,"column":3}},{"start":{},"end":{}}],"line":131},"8":{"loc":{"start":{"line":147,"column":2},"end":{"line":149,"column":3}},"type":"if","locations":[{"start":{"line":147,"column":2},"end":{"line":149,"column":3}},{"start":{},"end":{}}],"line":147},"9":{"loc":{"start":{"line":153,"column":2},"end":{"line":155,"column":3}},"type":"if","locations":[{"start":{"line":153,"column":2},"end":{"line":155,"column":3}},{"start":{},"end":{}}],"line":153},"10":{"loc":{"start":{"line":159,"column":2},"end":{"line":161,"column":3}},"type":"if","locations":[{"start":{"line":159,"column":2},"end":{"line":161,"column":3}},{"start":{},"end":{}}],"line":159},"11":{"loc":{"start":{"line":163,"column":2},"end":{"line":165,"column":3}},"type":"if","locations":[{"start":{"line":163,"column":2},"end":{"line":165,"column":3}},{"start":{},"end":{}}],"line":163},"12":{"loc":{"start":{"line":167,"column":2},"end":{"line":169,"column":3}},"type":"if","locations":[{"start":{"line":167,"column":2},"end":{"line":169,"column":3}},{"start":{},"end":{}}],"line":167},"13":{"loc":{"start":{"line":171,"column":2},"end":{"line":173,"column":3}},"type":"if","locations":[{"start":{"line":171,"column":2},"end":{"line":173,"column":3}},{"start":{},"end":{}}],"line":171},"14":{"loc":{"start":{"line":171,"column":6},"end":{"line":171,"column":73}},"type":"binary-expr","locations":[{"start":{"line":171,"column":6},"end":{"line":171,"column":32}},{"start":{"line":171,"column":36},"end":{"line":171,"column":73}}],"line":171},"15":{"loc":{"start":{"line":176,"column":2},"end":{"line":181,"column":3}},"type":"if","locations":[{"start":{"line":176,"column":2},"end":{"line":181,"column":3}},{"start":{},"end":{}}],"line":176},"16":{"loc":{"start":{"line":178,"column":4},"end":{"line":180,"column":5}},"type":"if","locations":[{"start":{"line":178,"column":4},"end":{"line":180,"column":5}},{"start":{},"end":{}}],"line":178},"17":{"loc":{"start":{"line":184,"column":2},"end":{"line":186,"column":3}},"type":"if","locations":[{"start":{"line":184,"column":2},"end":{"line":186,"column":3}},{"start":{},"end":{}}],"line":184},"18":{"loc":{"start":{"line":208,"column":2},"end":{"line":210,"column":3}},"type":"if","locations":[{"start":{"line":208,"column":2},"end":{"line":210,"column":3}},{"start":{},"end":{}}],"line":208},"19":{"loc":{"start":{"line":215,"column":44},"end":{"line":215,"column":89}},"type":"cond-expr","locations":[{"start":{"line":215,"column":62},"end":{"line":215,"column":73}},{"start":{"line":215,"column":76},"end":{"line":215,"column":89}}],"line":215}},"s":{"0":6,"1":6,"2":6,"3":6,"4":6,"5":3,"6":3,"7":3,"8":1,"9":2,"10":2,"11":6,"12":1,"13":1,"14":1,"15":0,"16":1,"17":1,"18":1,"19":6,"20":0,"21":0,"22":0,"23":0,"24":6,"25":1,"26":1,"27":0,"28":1,"29":1,"30":11,"31":2,"32":1,"33":1,"34":6,"35":1,"36":1,"37":0,"38":1,"39":1,"40":6,"41":5,"42":5,"43":5,"44":0,"45":5,"46":5,"47":1,"48":4,"49":4,"50":1,"51":3,"52":0,"53":3,"54":1,"55":2,"56":0,"57":2,"58":0,"59":0,"60":0,"61":0,"62":2,"63":1,"64":1,"65":1,"66":6,"67":2,"68":2,"69":0,"70":2,"71":2,"72":2,"73":6},"f":{"0":3,"1":1,"2":0,"3":1,"4":11,"5":1,"6":5,"7":0,"8":2},"b":{"0":[1,2],"1":[1],"2":[1],"3":[0,1],"4":[0,0],"5":[0,1],"6":[2,9],"7":[0,1],"8":[0,5],"9":[1,4],"10":[1,3],"11":[0,3],"12":[1,2],"13":[0,2],"14":[2,0],"15":[0,2],"16":[0,0],"17":[1,1],"18":[0,2],"19":[1,1]},"_coverageSchema":"1a1c01bbd47fc00a2c39e90264f33305004495a9","hash":"8fe8068ce99c4a2bf9d09af37c3b49584f94ab63"}
,"E:\\CrewPlus\\server\\src\\controllers\\customizationController.js": {"path":"E:\\CrewPlus\\server\\src\\controllers\\customizationController.js","statementMap":{"0":{"start":{"line":1,"column":22},"end":{"line":1,"column":56}},"1":{"start":{"line":2,"column":17},"end":{"line":2,"column":45}},"2":{"start":{"line":3,"column":20},"end":{"line":3,"column":51}},"3":{"start":{"line":4,"column":21},"end":{"line":4,"column":53}},"4":{"start":{"line":9,"column":26},"end":{"line":28,"column":2}},"5":{"start":{"line":10,"column":29},"end":{"line":10,"column":38}},"6":{"start":{"line":12,"column":16},"end":{"line":12,"column":37}},"7":{"start":{"line":13,"column":2},"end":{"line":13,"column":30}},"8":{"start":{"line":13,"column":12},"end":{"line":13,"column":30}},"9":{"start":{"line":14,"column":2},"end":{"line":14,"column":54}},"10":{"start":{"line":14,"column":16},"end":{"line":14,"column":54}},"11":{"start":{"line":16,"column":25},"end":{"line":16,"column":83}},"12":{"start":{"line":19,"column":18},"end":{"line":25,"column":8}},"13":{"start":{"line":20,"column":4},"end":{"line":22,"column":5}},"14":{"start":{"line":21,"column":6},"end":{"line":21,"column":26}},"15":{"start":{"line":23,"column":4},"end":{"line":23,"column":30}},"16":{"start":{"line":24,"column":4},"end":{"line":24,"column":15}},"17":{"start":{"line":27,"column":2},"end":{"line":27,"column":61}},"18":{"start":{"line":33,"column":34},"end":{"line":37,"column":2}},"19":{"start":{"line":34,"column":25},"end":{"line":34,"column":78}},"20":{"start":{"line":36,"column":2},"end":{"line":36,"column":52}},"21":{"start":{"line":42,"column":28},"end":{"line":54,"column":2}},"22":{"start":{"line":43,"column":68},"end":{"line":43,"column":76}},"23":{"start":{"line":45,"column":24},"end":{"line":51,"column":4}},"24":{"start":{"line":53,"column":2},"end":{"line":53,"column":89}},"25":{"start":{"line":59,"column":28},"end":{"line":77,"column":2}},"26":{"start":{"line":60,"column":24},"end":{"line":60,"column":67}},"27":{"start":{"line":62,"column":2},"end":{"line":64,"column":3}},"28":{"start":{"line":63,"column":4},"end":{"line":63,"column":55}},"29":{"start":{"line":66,"column":25},"end":{"line":66,"column":105}},"30":{"start":{"line":68,"column":2},"end":{"line":72,"column":5}},"31":{"start":{"line":69,"column":4},"end":{"line":71,"column":5}},"32":{"start":{"line":70,"column":6},"end":{"line":70,"column":45}},"33":{"start":{"line":74,"column":2},"end":{"line":74,"column":29}},"34":{"start":{"line":76,"column":2},"end":{"line":76,"column":89}},"35":{"start":{"line":82,"column":28},"end":{"line":92,"column":2}},"36":{"start":{"line":83,"column":24},"end":{"line":83,"column":67}},"37":{"start":{"line":85,"column":2},"end":{"line":87,"column":3}},"38":{"start":{"line":86,"column":4},"end":{"line":86,"column":55}},"39":{"start":{"line":89,"column":2},"end":{"line":89,"column":55}},"40":{"start":{"line":91,"column":2},"end":{"line":91,"column":76}},"41":{"start":{"line":97,"column":28},"end":{"line":108,"column":2}},"42":{"start":{"line":98,"column":24},"end":{"line":98,"column":67}},"43":{"start":{"line":100,"column":2},"end":{"line":102,"column":3}},"44":{"start":{"line":101,"column":4},"end":{"line":101,"column":55}},"45":{"start":{"line":104,"column":2},"end":{"line":104,"column":57}},"46":{"start":{"line":105,"column":2},"end":{"line":105,"column":29}},"47":{"start":{"line":107,"column":2},"end":{"line":107,"column":122}},"48":{"start":{"line":110,"column":0},"end":{"line":117,"column":2}}},"fnMap":{"0":{"name":"(anonymous_0)","decl":{"start":{"line":9,"column":39},"end":{"line":9,"column":40}},"loc":{"start":{"line":9,"column":59},"end":{"line":28,"column":1}},"line":9},"1":{"name":"(anonymous_1)","decl":{"start":{"line":19,"column":40},"end":{"line":19,"column":41}},"loc":{"start":{"line":19,"column":55},"end":{"line":25,"column":3}},"line":19},"2":{"name":"(anonymous_2)","decl":{"start":{"line":33,"column":47},"end":{"line":33,"column":48}},"loc":{"start":{"line":33,"column":67},"end":{"line":37,"column":1}},"line":33},"3":{"name":"(anonymous_3)","decl":{"start":{"line":42,"column":41},"end":{"line":42,"column":42}},"loc":{"start":{"line":42,"column":61},"end":{"line":54,"column":1}},"line":42},"4":{"name":"(anonymous_4)","decl":{"start":{"line":59,"column":41},"end":{"line":59,"column":42}},"loc":{"start":{"line":59,"column":61},"end":{"line":77,"column":1}},"line":59},"5":{"name":"(anonymous_5)","decl":{"start":{"line":68,"column":25},"end":{"line":68,"column":26}},"loc":{"start":{"line":68,"column":34},"end":{"line":72,"column":3}},"line":68},"6":{"name":"(anonymous_6)","decl":{"start":{"line":82,"column":41},"end":{"line":82,"column":42}},"loc":{"start":{"line":82,"column":61},"end":{"line":92,"column":1}},"line":82},"7":{"name":"(anonymous_7)","decl":{"start":{"line":97,"column":41},"end":{"line":97,"column":42}},"loc":{"start":{"line":97,"column":61},"end":{"line":108,"column":1}},"line":97}},"branchMap":{"0":{"loc":{"start":{"line":13,"column":2},"end":{"line":13,"column":30}},"type":"if","locations":[{"start":{"line":13,"column":2},"end":{"line":13,"column":30}},{"start":{},"end":{}}],"line":13},"1":{"loc":{"start":{"line":14,"column":2},"end":{"line":14,"column":54}},"type":"if","locations":[{"start":{"line":14,"column":2},"end":{"line":14,"column":54}},{"start":{},"end":{}}],"line":14},"2":{"loc":{"start":{"line":20,"column":4},"end":{"line":22,"column":5}},"type":"if","locations":[{"start":{"line":20,"column":4},"end":{"line":22,"column":5}},{"start":{},"end":{}}],"line":20},"3":{"loc":{"start":{"line":48,"column":11},"end":{"line":48,"column":21}},"type":"binary-expr","locations":[{"start":{"line":48,"column":11},"end":{"line":48,"column":16}},{"start":{"line":48,"column":20},"end":{"line":48,"column":21}}],"line":48},"4":{"loc":{"start":{"line":50,"column":26},"end":{"line":50,"column":59}},"type":"binary-expr","locations":[{"start":{"line":50,"column":26},"end":{"line":50,"column":46}},{"start":{"line":50,"column":50},"end":{"line":50,"column":59}}],"line":50},"5":{"loc":{"start":{"line":62,"column":2},"end":{"line":64,"column":3}},"type":"if","locations":[{"start":{"line":62,"column":2},"end":{"line":64,"column":3}},{"start":{},"end":{}}],"line":62},"6":{"loc":{"start":{"line":69,"column":4},"end":{"line":71,"column":5}},"type":"if","locations":[{"start":{"line":69,"column":4},"end":{"line":71,"column":5}},{"start":{},"end":{}}],"line":69},"7":{"loc":{"start":{"line":85,"column":2},"end":{"line":87,"column":3}},"type":"if","locations":[{"start":{"line":85,"column":2},"end":{"line":87,"column":3}},{"start":{},"end":{}}],"line":85},"8":{"loc":{"start":{"line":100,"column":2},"end":{"line":102,"column":3}},"type":"if","locations":[{"start":{"line":100,"column":2},"end":{"line":102,"column":3}},{"start":{},"end":{}}],"line":100},"9":{"loc":{"start":{"line":107,"column":58},"end":{"line":107,"column":108}},"type":"cond-expr","locations":[{"start":{"line":107,"column":86},"end":{"line":107,"column":95}},{"start":{"line":107,"column":98},"end":{"line":107,"column":108}}],"line":107}},"s":{"0":6,"1":6,"2":6,"3":6,"4":6,"5":4,"6":4,"7":4,"8":1,"9":4,"10":1,"11":4,"12":4,"13":11,"14":7,"15":11,"16":11,"17":4,"18":6,"19":0,"20":0,"21":6,"22":7,"23":7,"24":6,"25":6,"26":1,"27":1,"28":0,"29":1,"30":1,"31":6,"32":2,"33":1,"34":1,"35":6,"36":1,"37":1,"38":0,"39":1,"40":1,"41":6,"42":2,"43":2,"44":0,"45":2,"46":2,"47":2,"48":6},"f":{"0":4,"1":11,"2":0,"3":7,"4":1,"5":6,"6":1,"7":2},"b":{"0":[1,3],"1":[1,3],"2":[7,4],"3":[7,0],"4":[7,0],"5":[0,1],"6":[2,4],"7":[0,1],"8":[0,2],"9":[1,1]},"_coverageSchema":"1a1c01bbd47fc00a2c39e90264f33305004495a9","hash":"74bb1c90832245dc73b7fc09e8709467204dd8fd"}
,"E:\\CrewPlus\\server\\src\\controllers\\orderController.js": {"path":"E:\\CrewPlus\\server\\src\\controllers\\orderController.js","statementMap":{"0":{"start":{"line":1,"column":14},"end":{"line":1,"column":40}},"1":{"start":{"line":2,"column":13},"end":{"line":2,"column":38}},"2":{"start":{"line":3,"column":16},"end":{"line":3,"column":44}},"3":{"start":{"line":4,"column":15},"end":{"line":4,"column":42}},"4":{"start":{"line":5,"column":17},"end":{"line":5,"column":45}},"5":{"start":{"line":6,"column":20},"end":{"line":6,"column":51}},"6":{"start":{"line":7,"column":21},"end":{"line":7,"column":53}},"7":{"start":{"line":8,"column":25},"end":{"line":8,"column":55}},"8":{"start":{"line":9,"column":67},"end":{"line":9,"column":102}},"9":{"start":{"line":14,"column":20},"end":{"line":141,"column":2}},"10":{"start":{"line":15,"column":84},"end":{"line":15,"column":92}},"11":{"start":{"line":16,"column":17},"end":{"line":16,"column":30}},"12":{"start":{"line":17,"column":20},"end":{"line":17,"column":47}},"13":{"start":{"line":19,"column":2},"end":{"line":21,"column":3}},"14":{"start":{"line":20,"column":4},"end":{"line":20,"column":70}},"15":{"start":{"line":25,"column":2},"end":{"line":29,"column":3}},"16":{"start":{"line":26,"column":4},"end":{"line":26,"column":74}},"17":{"start":{"line":28,"column":4},"end":{"line":28,"column":71}},"18":{"start":{"line":31,"column":2},"end":{"line":33,"column":3}},"19":{"start":{"line":32,"column":4},"end":{"line":32,"column":47}},"20":{"start":{"line":36,"column":2},"end":{"line":43,"column":3}},"21":{"start":{"line":37,"column":20},"end":{"line":37,"column":60}},"22":{"start":{"line":38,"column":4},"end":{"line":42,"column":5}},"23":{"start":{"line":39,"column":6},"end":{"line":41,"column":8}},"24":{"start":{"line":46,"column":22},"end":{"line":46,"column":50}},"25":{"start":{"line":49,"column":17},"end":{"line":49,"column":18}},"26":{"start":{"line":50,"column":22},"end":{"line":50,"column":26}},"27":{"start":{"line":52,"column":2},"end":{"line":79,"column":3}},"28":{"start":{"line":53,"column":4},"end":{"line":53,"column":77}},"29":{"start":{"line":55,"column":4},"end":{"line":78,"column":5}},"30":{"start":{"line":57,"column":18},"end":{"line":57,"column":28}},"31":{"start":{"line":58,"column":6},"end":{"line":60,"column":7}},"32":{"start":{"line":59,"column":8},"end":{"line":59,"column":69}},"33":{"start":{"line":61,"column":6},"end":{"line":63,"column":7}},"34":{"start":{"line":62,"column":8},"end":{"line":62,"column":62}},"35":{"start":{"line":64,"column":6},"end":{"line":66,"column":7}},"36":{"start":{"line":65,"column":8},"end":{"line":65,"column":77}},"37":{"start":{"line":67,"column":6},"end":{"line":72,"column":7}},"38":{"start":{"line":68,"column":27},"end":{"line":68,"column":100}},"39":{"start":{"line":68,"column":60},"end":{"line":68,"column":99}},"40":{"start":{"line":69,"column":8},"end":{"line":71,"column":9}},"41":{"start":{"line":70,"column":10},"end":{"line":70,"column":73}},"42":{"start":{"line":73,"column":6},"end":{"line":75,"column":7}},"43":{"start":{"line":74,"column":8},"end":{"line":74,"column":96}},"44":{"start":{"line":77,"column":6},"end":{"line":77,"column":64}},"45":{"start":{"line":82,"column":21},"end":{"line":91,"column":5}},"46":{"start":{"line":82,"column":45},"end":{"line":91,"column":3}},"47":{"start":{"line":94,"column":16},"end":{"line":94,"column":51}},"48":{"start":{"line":97,"column":16},"end":{"line":113,"column":4}},"49":{"start":{"line":116,"column":2},"end":{"line":118,"column":3}},"50":{"start":{"line":117,"column":4},"end":{"line":117,"column":54}},"51":{"start":{"line":121,"column":2},"end":{"line":125,"column":3}},"52":{"start":{"line":122,"column":4},"end":{"line":124,"column":7}},"53":{"start":{"line":128,"column":2},"end":{"line":128,"column":25}},"54":{"start":{"line":131,"column":25},"end":{"line":131,"column":82}},"55":{"start":{"line":134,"column":2},"end":{"line":136,"column":5}},"56":{"start":{"line":135,"column":4},"end":{"line":135,"column":67}},"57":{"start":{"line":138,"column":2},"end":{"line":140,"column":44}},"58":{"start":{"line":146,"column":17},"end":{"line":160,"column":2}},"59":{"start":{"line":147,"column":16},"end":{"line":147,"column":77}},"60":{"start":{"line":149,"column":2},"end":{"line":151,"column":3}},"61":{"start":{"line":150,"column":4},"end":{"line":150,"column":47}},"62":{"start":{"line":154,"column":2},"end":{"line":157,"column":3}},"63":{"start":{"line":156,"column":4},"end":{"line":156,"column":66}},"64":{"start":{"line":159,"column":2},"end":{"line":159,"column":43}},"65":{"start":{"line":165,"column":20},"end":{"line":191,"column":2}},"66":{"start":{"line":166,"column":43},"end":{"line":166,"column":52}},"67":{"start":{"line":168,"column":16},"end":{"line":168,"column":38}},"68":{"start":{"line":169,"column":2},"end":{"line":169,"column":36}},"69":{"start":{"line":169,"column":14},"end":{"line":169,"column":36}},"70":{"start":{"line":171,"column":15},"end":{"line":171,"column":33}},"71":{"start":{"line":173,"column":26},"end":{"line":180,"column":4}},"72":{"start":{"line":182,"column":2},"end":{"line":190,"column":15}},"73":{"start":{"line":196,"column":21},"end":{"line":230,"column":2}},"74":{"start":{"line":197,"column":69},"end":{"line":197,"column":78}},"75":{"start":{"line":199,"column":16},"end":{"line":199,"column":18}},"76":{"start":{"line":200,"column":2},"end":{"line":200,"column":36}},"77":{"start":{"line":200,"column":14},"end":{"line":200,"column":36}},"78":{"start":{"line":201,"column":2},"end":{"line":201,"column":30}},"79":{"start":{"line":201,"column":12},"end":{"line":201,"column":30}},"80":{"start":{"line":202,"column":2},"end":{"line":207,"column":3}},"81":{"start":{"line":203,"column":4},"end":{"line":206,"column":6}},"82":{"start":{"line":209,"column":15},"end":{"line":209,"column":33}},"83":{"start":{"line":211,"column":26},"end":{"line":219,"column":4}},"84":{"start":{"line":221,"column":2},"end":{"line":229,"column":15}},"85":{"start":{"line":235,"column":26},"end":{"line":284,"column":2}},"86":{"start":{"line":236,"column":21},"end":{"line":236,"column":29}},"87":{"start":{"line":238,"column":16},"end":{"line":238,"column":51}},"88":{"start":{"line":240,"column":2},"end":{"line":242,"column":3}},"89":{"start":{"line":241,"column":4},"end":{"line":241,"column":47}},"90":{"start":{"line":245,"column":27},"end":{"line":252,"column":3}},"91":{"start":{"line":254,"column":2},"end":{"line":258,"column":3}},"92":{"start":{"line":255,"column":4},"end":{"line":257,"column":6}},"93":{"start":{"line":260,"column":2},"end":{"line":260,"column":24}},"94":{"start":{"line":262,"column":2},"end":{"line":265,"column":3}},"95":{"start":{"line":263,"column":4},"end":{"line":263,"column":35}},"96":{"start":{"line":264,"column":4},"end":{"line":264,"column":33}},"97":{"start":{"line":268,"column":2},"end":{"line":274,"column":3}},"98":{"start":{"line":269,"column":4},"end":{"line":273,"column":5}},"99":{"start":{"line":270,"column":6},"end":{"line":272,"column":9}},"100":{"start":{"line":276,"column":2},"end":{"line":276,"column":21}},"101":{"start":{"line":279,"column":2},"end":{"line":281,"column":5}},"102":{"start":{"line":280,"column":4},"end":{"line":280,"column":68}},"103":{"start":{"line":283,"column":2},"end":{"line":283,"column":67}},"104":{"start":{"line":289,"column":20},"end":{"line":319,"column":2}},"105":{"start":{"line":290,"column":16},"end":{"line":290,"column":51}},"106":{"start":{"line":292,"column":2},"end":{"line":294,"column":3}},"107":{"start":{"line":293,"column":4},"end":{"line":293,"column":47}},"108":{"start":{"line":297,"column":2},"end":{"line":300,"column":3}},"109":{"start":{"line":299,"column":4},"end":{"line":299,"column":68}},"110":{"start":{"line":303,"column":2},"end":{"line":305,"column":3}},"111":{"start":{"line":304,"column":4},"end":{"line":304,"column":73}},"112":{"start":{"line":307,"column":2},"end":{"line":307,"column":40}},"113":{"start":{"line":310,"column":2},"end":{"line":314,"column":3}},"114":{"start":{"line":311,"column":4},"end":{"line":313,"column":7}},"115":{"start":{"line":316,"column":2},"end":{"line":316,"column":21}},"116":{"start":{"line":318,"column":2},"end":{"line":318,"column":75}},"117":{"start":{"line":324,"column":26},"end":{"line":350,"column":2}},"118":{"start":{"line":325,"column":33},"end":{"line":325,"column":42}},"119":{"start":{"line":327,"column":20},"end":{"line":327,"column":64}},"120":{"start":{"line":328,"column":23},"end":{"line":328,"column":54}},"121":{"start":{"line":331,"column":31},"end":{"line":343,"column":4}},"122":{"start":{"line":345,"column":2},"end":{"line":349,"column":15}},"123":{"start":{"line":355,"column":19},"end":{"line":364,"column":2}},"124":{"start":{"line":356,"column":16},"end":{"line":357,"column":92}},"125":{"start":{"line":359,"column":2},"end":{"line":361,"column":3}},"126":{"start":{"line":360,"column":4},"end":{"line":360,"column":47}},"127":{"start":{"line":363,"column":2},"end":{"line":363,"column":43}},"128":{"start":{"line":366,"column":0},"end":{"line":375,"column":2}}},"fnMap":{"0":{"name":"(anonymous_0)","decl":{"start":{"line":14,"column":33},"end":{"line":14,"column":34}},"loc":{"start":{"line":14,"column":53},"end":{"line":141,"column":1}},"line":14},"1":{"name":"(anonymous_1)","decl":{"start":{"line":68,"column":55},"end":{"line":68,"column":56}},"loc":{"start":{"line":68,"column":60},"end":{"line":68,"column":99}},"line":68},"2":{"name":"(anonymous_2)","decl":{"start":{"line":82,"column":36},"end":{"line":82,"column":37}},"loc":{"start":{"line":82,"column":45},"end":{"line":91,"column":3}},"line":82},"3":{"name":"(anonymous_3)","decl":{"start":{"line":134,"column":51},"end":{"line":134,"column":52}},"loc":{"start":{"line":134,"column":58},"end":{"line":136,"column":3}},"line":134},"4":{"name":"(anonymous_4)","decl":{"start":{"line":146,"column":30},"end":{"line":146,"column":31}},"loc":{"start":{"line":146,"column":50},"end":{"line":160,"column":1}},"line":146},"5":{"name":"(anonymous_5)","decl":{"start":{"line":165,"column":33},"end":{"line":165,"column":34}},"loc":{"start":{"line":165,"column":53},"end":{"line":191,"column":1}},"line":165},"6":{"name":"(anonymous_6)","decl":{"start":{"line":196,"column":34},"end":{"line":196,"column":35}},"loc":{"start":{"line":196,"column":54},"end":{"line":230,"column":1}},"line":196},"7":{"name":"(anonymous_7)","decl":{"start":{"line":235,"column":39},"end":{"line":235,"column":40}},"loc":{"start":{"line":235,"column":59},"end":{"line":284,"column":1}},"line":235},"8":{"name":"(anonymous_8)","decl":{"start":{"line":279,"column":42},"end":{"line":279,"column":43}},"loc":{"start":{"line":279,"column":49},"end":{"line":281,"column":3}},"line":279},"9":{"name":"(anonymous_9)","decl":{"start":{"line":289,"column":33},"end":{"line":289,"column":34}},"loc":{"start":{"line":289,"column":53},"end":{"line":319,"column":1}},"line":289},"10":{"name":"(anonymous_10)","decl":{"start":{"line":324,"column":39},"end":{"line":324,"column":40}},"loc":{"start":{"line":324,"column":59},"end":{"line":350,"column":1}},"line":324},"11":{"name":"(anonymous_11)","decl":{"start":{"line":355,"column":32},"end":{"line":355,"column":33}},"loc":{"start":{"line":355,"column":52},"end":{"line":364,"column":1}},"line":355}},"branchMap":{"0":{"loc":{"start":{"line":19,"column":2},"end":{"line":21,"column":3}},"type":"if","locations":[{"start":{"line":19,"column":2},"end":{"line":21,"column":3}},{"start":{},"end":{}}],"line":19},"1":{"loc":{"start":{"line":19,"column":6},"end":{"line":19,"column":27}},"type":"binary-expr","locations":[{"start":{"line":19,"column":6},"end":{"line":19,"column":13}},{"start":{"line":19,"column":17},"end":{"line":19,"column":27}}],"line":19},"2":{"loc":{"start":{"line":25,"column":2},"end":{"line":29,"column":3}},"type":"if","locations":[{"start":{"line":25,"column":2},"end":{"line":29,"column":3}},{"start":{"line":27,"column":9},"end":{"line":29,"column":3}}],"line":25},"3":{"loc":{"start":{"line":31,"column":2},"end":{"line":33,"column":3}},"type":"if","locations":[{"start":{"line":31,"column":2},"end":{"line":33,"column":3}},{"start":{},"end":{}}],"line":31},"4":{"loc":{"start":{"line":31,"column":6},"end":{"line":31,"column":38}},"type":"binary-expr","locations":[{"start":{"line":31,"column":6},"end":{"line":31,"column":11}},{"start":{"line":31,"column":15},"end":{"line":31,"column":38}}],"line":31},"5":{"loc":{"start":{"line":38,"column":4},"end":{"line":42,"column":5}},"type":"if","locations":[{"start":{"line":38,"column":4},"end":{"line":42,"column":5}},{"start":{},"end":{}}],"line":38},"6":{"loc":{"start":{"line":46,"column":22},"end":{"line":46,"column":50}},"type":"cond-expr","locations":[{"start":{"line":46,"column":44},"end":{"line":46,"column":46}},{"start":{"line":46,"column":49},"end":{"line":46,"column":50}}],"line":46},"7":{"loc":{"start":{"line":52,"column":2},"end":{"line":79,"column":3}},"type":"if","locations":[{"start":{"line":52,"column":2},"end":{"line":79,"column":3}},{"start":{},"end":{}}],"line":52},"8":{"loc":{"start":{"line":55,"column":4},"end":{"line":78,"column":5}},"type":"if","locations":[{"start":{"line":55,"column":4},"end":{"line":78,"column":5}},{"start":{},"end":{}}],"line":55},"9":{"loc":{"start":{"line":58,"column":6},"end":{"line":60,"column":7}},"type":"if","locations":[{"start":{"line":58,"column":6},"end":{"line":60,"column":7}},{"start":{},"end":{}}],"line":58},"10":{"loc":{"start":{"line":61,"column":6},"end":{"line":63,"column":7}},"type":"if","locations":[{"start":{"line":61,"column":6},"end":{"line":63,"column":7}},{"start":{},"end":{}}],"line":61},"11":{"loc":{"start":{"line":61,"column":10},"end":{"line":61,"column":73}},"type":"binary-expr","locations":[{"start":{"line":61,"column":10},"end":{"line":61,"column":39}},{"start":{"line":61,"column":43},"end":{"line":61,"column":73}}],"line":61},"12":{"loc":{"start":{"line":64,"column":6},"end":{"line":66,"column":7}},"type":"if","locations":[{"start":{"line":64,"column":6},"end":{"line":66,"column":7}},{"start":{},"end":{}}],"line":64},"13":{"loc":{"start":{"line":64,"column":10},"end":{"line":64,"column":98}},"type":"binary-expr","locations":[{"start":{"line":64,"column":10},"end":{"line":64,"column":43}},{"start":{"line":64,"column":47},"end":{"line":64,"column":98}}],"line":64},"14":{"loc":{"start":{"line":67,"column":6},"end":{"line":72,"column":7}},"type":"if","locations":[{"start":{"line":67,"column":6},"end":{"line":72,"column":7}},{"start":{},"end":{}}],"line":67},"15":{"loc":{"start":{"line":69,"column":8},"end":{"line":71,"column":9}},"type":"if","locations":[{"start":{"line":69,"column":8},"end":{"line":71,"column":9}},{"start":{},"end":{}}],"line":69},"16":{"loc":{"start":{"line":73,"column":6},"end":{"line":75,"column":7}},"type":"if","locations":[{"start":{"line":73,"column":6},"end":{"line":75,"column":7}},{"start":{},"end":{}}],"line":73},"17":{"loc":{"start":{"line":88,"column":20},"end":{"line":88,"column":45}},"type":"binary-expr","locations":[{"start":{"line":88,"column":20},"end":{"line":88,"column":39}},{"start":{"line":88,"column":43},"end":{"line":88,"column":45}}],"line":88},"18":{"loc":{"start":{"line":89,"column":24},"end":{"line":89,"column":52}},"type":"binary-expr","locations":[{"start":{"line":89,"column":24},"end":{"line":89,"column":47}},{"start":{"line":89,"column":51},"end":{"line":89,"column":52}}],"line":89},"19":{"loc":{"start":{"line":99,"column":15},"end":{"line":99,"column":45}},"type":"cond-expr","locations":[{"start":{"line":99,"column":24},"end":{"line":99,"column":33}},{"start":{"line":99,"column":36},"end":{"line":99,"column":45}}],"line":99},"20":{"loc":{"start":{"line":105,"column":16},"end":{"line":105,"column":57}},"type":"cond-expr","locations":[{"start":{"line":105,"column":32},"end":{"line":105,"column":50}},{"start":{"line":105,"column":53},"end":{"line":105,"column":57}}],"line":105},"21":{"loc":{"start":{"line":109,"column":21},"end":{"line":109,"column":70}},"type":"cond-expr","locations":[{"start":{"line":109,"column":43},"end":{"line":109,"column":58}},{"start":{"line":109,"column":61},"end":{"line":109,"column":70}}],"line":109},"22":{"loc":{"start":{"line":112,"column":46},"end":{"line":112,"column":75}},"type":"cond-expr","locations":[{"start":{"line":112,"column":68},"end":{"line":112,"column":70}},{"start":{"line":112,"column":73},"end":{"line":112,"column":75}}],"line":112},"23":{"loc":{"start":{"line":116,"column":2},"end":{"line":118,"column":3}},"type":"if","locations":[{"start":{"line":116,"column":2},"end":{"line":118,"column":3}},{"start":{},"end":{}}],"line":116},"24":{"loc":{"start":{"line":149,"column":2},"end":{"line":151,"column":3}},"type":"if","locations":[{"start":{"line":149,"column":2},"end":{"line":151,"column":3}},{"start":{},"end":{}}],"line":149},"25":{"loc":{"start":{"line":154,"column":2},"end":{"line":157,"column":3}},"type":"if","locations":[{"start":{"line":154,"column":2},"end":{"line":157,"column":3}},{"start":{},"end":{}}],"line":154},"26":{"loc":{"start":{"line":154,"column":6},"end":{"line":155,"column":56}},"type":"binary-expr","locations":[{"start":{"line":154,"column":6},"end":{"line":154,"column":31}},{"start":{"line":155,"column":6},"end":{"line":155,"column":56}}],"line":154},"27":{"loc":{"start":{"line":166,"column":18},"end":{"line":166,"column":26}},"type":"default-arg","locations":[{"start":{"line":166,"column":25},"end":{"line":166,"column":26}}],"line":166},"28":{"loc":{"start":{"line":166,"column":28},"end":{"line":166,"column":38}},"type":"default-arg","locations":[{"start":{"line":166,"column":36},"end":{"line":166,"column":38}}],"line":166},"29":{"loc":{"start":{"line":169,"column":2},"end":{"line":169,"column":36}},"type":"if","locations":[{"start":{"line":169,"column":2},"end":{"line":169,"column":36}},{"start":{},"end":{}}],"line":169},"30":{"loc":{"start":{"line":197,"column":44},"end":{"line":197,"column":52}},"type":"default-arg","locations":[{"start":{"line":197,"column":51},"end":{"line":197,"column":52}}],"line":197},"31":{"loc":{"start":{"line":197,"column":54},"end":{"line":197,"column":64}},"type":"default-arg","locations":[{"start":{"line":197,"column":62},"end":{"line":197,"column":64}}],"line":197},"32":{"loc":{"start":{"line":200,"column":2},"end":{"line":200,"column":36}},"type":"if","locations":[{"start":{"line":200,"column":2},"end":{"line":200,"column":36}},{"start":{},"end":{}}],"line":200},"33":{"loc":{"start":{"line":201,"column":2},"end":{"line":201,"column":30}},"type":"if","locations":[{"start":{"line":201,"column":2},"end":{"line":201,"column":30}},{"start":{},"end":{}}],"line":201},"34":{"loc":{"start":{"line":202,"column":2},"end":{"line":207,"column":3}},"type":"if","locations":[{"start":{"line":202,"column":2},"end":{"line":207,"column":3}},{"start":{},"end":{}}],"line":202},"35":{"loc":{"start":{"line":202,"column":6},"end":{"line":202,"column":26}},"type":"binary-expr","locations":[{"start":{"line":202,"column":6},"end":{"line":202,"column":15}},{"start":{"line":202,"column":19},"end":{"line":202,"column":26}}],"line":202},"36":{"loc":{"start":{"line":240,"column":2},"end":{"line":242,"column":3}},"type":"if","locations":[{"start":{"line":240,"column":2},"end":{"line":242,"column":3}},{"start":{},"end":{}}],"line":240},"37":{"loc":{"start":{"line":254,"column":2},"end":{"line":258,"column":3}},"type":"if","locations":[{"start":{"line":254,"column":2},"end":{"line":258,"column":3}},{"start":{},"end":{}}],"line":254},"38":{"loc":{"start":{"line":262,"column":2},"end":{"line":265,"column":3}},"type":"if","locations":[{"start":{"line":262,"column":2},"end":{"line":265,"column":3}},{"start":{},"end":{}}],"line":262},"39":{"loc":{"start":{"line":268,"column":2},"end":{"line":274,"column":3}},"type":"if","locations":[{"start":{"line":268,"column":2},"end":{"line":274,"column":3}},{"start":{},"end":{}}],"line":268},"40":{"loc":{"start":{"line":292,"column":2},"end":{"line":294,"column":3}},"type":"if","locations":[{"start":{"line":292,"column":2},"end":{"line":294,"column":3}},{"start":{},"end":{}}],"line":292},"41":{"loc":{"start":{"line":297,"column":2},"end":{"line":300,"column":3}},"type":"if","locations":[{"start":{"line":297,"column":2},"end":{"line":300,"column":3}},{"start":{},"end":{}}],"line":297},"42":{"loc":{"start":{"line":297,"column":6},"end":{"line":298,"column":56}},"type":"binary-expr","locations":[{"start":{"line":297,"column":6},"end":{"line":297,"column":31}},{"start":{"line":298,"column":6},"end":{"line":298,"column":56}}],"line":297},"43":{"loc":{"start":{"line":303,"column":2},"end":{"line":305,"column":3}},"type":"if","locations":[{"start":{"line":303,"column":2},"end":{"line":305,"column":3}},{"start":{},"end":{}}],"line":303},"44":{"loc":{"start":{"line":359,"column":2},"end":{"line":361,"column":3}},"type":"if","locations":[{"start":{"line":359,"column":2},"end":{"line":361,"column":3}},{"start":{},"end":{}}],"line":359}},"s":{"0":6,"1":6,"2":6,"3":6,"4":6,"5":6,"6":6,"7":6,"8":6,"9":6,"10":4,"11":4,"12":4,"13":4,"14":0,"15":4,"16":3,"17":1,"18":4,"19":1,"20":3,"21":3,"22":3,"23":1,"24":2,"25":2,"26":2,"27":2,"28":0,"29":0,"30":0,"31":0,"32":0,"33":0,"34":0,"35":0,"36":0,"37":0,"38":0,"39":0,"40":0,"41":0,"42":0,"43":0,"44":0,"45":2,"46":2,"47":2,"48":2,"49":2,"50":0,"51":2,"52":2,"53":2,"54":2,"55":2,"56":0,"57":2,"58":6,"59":2,"60":2,"61":0,"62":2,"63":0,"64":2,"65":6,"66":1,"67":1,"68":1,"69":0,"70":1,"71":1,"72":1,"73":6,"74":2,"75":2,"76":2,"77":1,"78":2,"79":0,"80":2,"81":0,"82":2,"83":2,"84":2,"85":6,"86":3,"87":3,"88":3,"89":0,"90":3,"91":3,"92":1,"93":2,"94":2,"95":0,"96":0,"97":2,"98":1,"99":1,"100":2,"101":2,"102":0,"103":2,"104":6,"105":2,"106":2,"107":0,"108":2,"109":0,"110":2,"111":1,"112":1,"113":1,"114":1,"115":1,"116":1,"117":6,"118":0,"119":0,"120":0,"121":0,"122":0,"123":6,"124":2,"125":2,"126":1,"127":1,"128":6},"f":{"0":4,"1":0,"2":2,"3":0,"4":2,"5":1,"6":2,"7":3,"8":0,"9":2,"10":0,"11"
[...]
,"E:\\CrewPlus\\server\\src\\services\\emailService.js": {"path":"E:\\CrewPlus\\server\\src\\services\\emailService.js","statementMap":{"0":{"start":{"line":1,"column":19},"end":{"line":1,"column":40}},"1":{"start":{"line":4,"column":26},"end":{"line":14,"column":1}},"2":{"start":{"line":5,"column":2},"end":{"line":13,"column":5}},"3":{"start":{"line":17,"column":38},"end":{"line":156,"column":1}},"4":{"start":{"line":18,"column":20},"end":{"line":25,"column":13}},"5":{"start":{"line":18,"column":44},"end":{"line":25,"column":3}},"6":{"start":{"line":27,"column":26},"end":{"line":38,"column":8}},"7":{"start":{"line":40,"column":2},"end":{"line":155,"column":4}},"8":{"start":{"line":159,"column":35},"end":{"line":183,"column":1}},"9":{"start":{"line":161,"column":2},"end":{"line":164,"column":3}},"10":{"start":{"line":162,"column":4},"end":{"line":162,"column":68}},"11":{"start":{"line":163,"column":4},"end":{"line":163,"column":62}},"12":{"start":{"line":166,"column":2},"end":{"line":182,"column":3}},"13":{"start":{"line":167,"column":24},"end":{"line":167,"column":43}},"14":{"start":{"line":169,"column":24},"end":{"line":174,"column":5}},"15":{"start":{"line":176,"column":17},"end":{"line":176,"column":56}},"16":{"start":{"line":177,"column":4},"end":{"line":177,"column":66}},"17":{"start":{"line":178,"column":4},"end":{"line":178,"column":56}},"18":{"start":{"line":180,"column":4},"end":{"line":180,"column":77}},"19":{"start":{"line":181,"column":4},"end":{"line":181,"column":52}},"20":{"start":{"line":186,"column":35},"end":{"line":247,"column":1}},"21":{"start":{"line":187,"column":2},"end":{"line":190,"column":3}},"22":{"start":{"line":188,"column":4},"end":{"line":188,"column":68}},"23":{"start":{"line":189,"column":4},"end":{"line":189,"column":62}},"24":{"start":{"line":192,"column":25},"end":{"line":200,"column":3}},"25":{"start":{"line":202,"column":2},"end":{"line":246,"column":3}},"26":{"start":{"line":203,"column":24},"end":{"line":203,"column":43}},"27":{"start":{"line":205,"column":24},"end":{"line":238,"column":5}},"28":{"start":{"line":240,"column":17},"end":{"line":240,"column":56}},"29":{"start":{"line":241,"column":4},"end":{"line":241,"column":67}},"30":{"start":{"line":242,"column":4},"end":{"line":242,"column":56}},"31":{"start":{"line":244,"column":4},"end":{"line":244,"column":78}},"32":{"start":{"line":245,"column":4},"end":{"line":245,"column":52}},"33":{"start":{"line":249,"column":0},"end":{"line":252,"column":2}}},"fnMap":{"0":{"name":"(anonymous_0)","decl":{"start":{"line":4,"column":26},"end":{"line":4,"column":27}},"loc":{"start":{"line":4,"column":32},"end":{"line":14,"column":1}},"line":4},"1":{"name":"(anonymous_1)","decl":{"start":{"line":17,"column":38},"end":{"line":17,"column":39}},"loc":{"start":{"line":17,"column":49},"end":{"line":156,"column":1}},"line":17},"2":{"name":"(anonymous_2)","decl":{"start":{"line":18,"column":36},"end":{"line":18,"column":37}},"loc":{"start":{"line":18,"column":44},"end":{"line":25,"column":3}},"line":18},"3":{"name":"(anonymous_3)","decl":{"start":{"line":159,"column":35},"end":{"line":159,"column":36}},"loc":{"start":{"line":159,"column":52},"end":{"line":183,"column":1}},"line":159},"4":{"name":"(anonymous_4)","decl":{"start":{"line":186,"column":35},"end":{"line":186,"column":36}},"loc":{"start":{"line":186,"column":52},"end":{"line":247,"column":1}},"line":186}},"branchMap":{"0":{"loc":{"start":{"line":21,"column":86},"end":{"line":21,"column":102}},"type":"binary-expr","locations":[{"start":{"line":21,"column":86},"end":{"line":21,"column":95}},{"start":{"line":21,"column":99},"end":{"line":21,"column":102}}],"line":21},"1":{"loc":{"start":{"line":27,"column":26},"end":{"line":38,"column":8}},"type":"cond-expr","locations":[{"start":{"line":28,"column":6},"end":{"line":37,"column":5}},{"start":{"line":38,"column":6},"end":{"line":38,"column":8}}],"line":27},"2":{"loc":{"start":{"line":27,"column":26},"end":{"line":27,"column":76}},"type":"binary-expr","locations":[{"start":{"line":27,"column":26},"end":{"line":27,"column":51}},{"start":{"line":27,"column":55},"end":{"line":27,"column":76}}],"line":27},"3":{"loc":{"start":{"line":33,"column":41},"end":{"line":33,"column":110}},"type":"cond-expr","locations":[{"start":{"line":33,"column":71},"end":{"line":33,"column":105}},{"start":{"line":33,"column":108},"end":{"line":33,"column":110}}],"line":33},"4":{"loc":{"start":{"line":81,"column":69},"end":{"line":81,"column":117}},"type":"cond-expr","locations":[{"start":{"line":81,"column":97},"end":{"line":81,"column":107}},{"start":{"line":81,"column":110},"end":{"line":81,"column":117}}],"line":81},"5":{"loc":{"start":{"line":114,"column":16},"end":{"line":119,"column":20}},"type":"cond-expr","locations":[{"start":{"line":114,"column":40},"end":{"line":119,"column":15}},{"start":{"line":119,"column":18},"end":{"line":119,"column":20}}],"line":114},"6":{"loc":{"start":{"line":120,"column":16},"end":{"line":125,"column":20}},"type":"cond-expr","locations":[{"start":{"line":120,"column":37},"end":{"line":125,"column":15}},{"start":{"line":125,"column":18},"end":{"line":125,"column":20}}],"line":120},"7":{"loc":{"start":{"line":161,"column":2},"end":{"line":164,"column":3}},"type":"if","locations":[{"start":{"line":161,"column":2},"end":{"line":164,"column":3}},{"start":{},"end":{}}],"line":161},"8":{"loc":{"start":{"line":161,"column":6},"end":{"line":161,"column":80}},"type":"binary-expr","locations":[{"start":{"line":161,"column":6},"end":{"line":161,"column":28}},{"start":{"line":161,"column":32},"end":{"line":161,"column":54}},{"start":{"line":161,"column":58},"end":{"line":161,"column":80}}],"line":161},"9":{"loc":{"start":{"line":170,"column":12},"end":{"line":170,"column":58}},"type":"binary-expr","locations":[{"start":{"line":170,"column":12},"end":{"line":170,"column":33}},{"start":{"line":170,"column":37},"end":{"line":170,"column":58}}],"line":170},"10":{"loc":{"start":{"line":187,"column":2},"end":{"line":190,"column":3}},"type":"if","locations":[{"start":{"line":187,"column":2},"end":{"line":190,"column":3}},{"start":{},"end":{}}],"line":187},"11":{"loc":{"start":{"line":187,"column":6},"end":{"line":187,"column":80}},"type":"binary-expr","locations":[{"start":{"line":187,"column":6},"end":{"line":187,"column":28}},{"start":{"line":187,"column":32},"end":{"line":187,"column":54}},{"start":{"line":187,"column":58},"end":{"line":187,"column":80}}],"line":187},"12":{"loc":{"start":{"line":195,"column":11},"end":{"line":197,"column":41}},"type":"cond-expr","locations":[{"start":{"line":196,"column":8},"end":{"line":196,"column":51}},{"start":{"line":197,"column":8},"end":{"line":197,"column":41}}],"line":195},"13":{"loc":{"start":{"line":206,"column":12},"end":{"line":206,"column":58}},"type":"binary-expr","locations":[{"start":{"line":206,"column":12},"end":{"line":206,"column":33}},{"start":{"line":206,"column":37},"end":{"line":206,"column":58}}],"line":206},"14":{"loc":{"start":{"line":223,"column":40},"end":{"line":223,"column":92}},"type":"cond-expr","locations":[{"start":{"line":223,"column":71},"end":{"line":223,"column":80}},{"start":{"line":223,"column":83},"end":{"line":223,"column":92}}],"line":223},"15":{"loc":{"start":{"line":224,"column":47},"end":{"line":224,"column":99}},"type":"cond-expr","locations":[{"start":{"line":224,"column":78},"end":{"line":224,"column":87}},{"start":{"line":224,"column":90},"end":{"line":224,"column":99}}],"line":224},"16":{"loc":{"start":{"line":227,"column":62},"end":{"line":227,"column":131}},"type":"binary-expr","locations":[{"start":{"line":227,"column":62},"end":{"line":227,"column":90}},{"start":{"line":227,"column":94},"end":{"line":227,"column":131}}],"line":227}},"s":{"0":6,"1":6,"2":0,"3":6,"4":0,"5":0,"6":0,"7":0,"8":6,"9":2,"10":2,"11":2,"12":0,"13":0,"14":0,"15":0,"16":0,"17":0,"18":0,"19":0,"20":6,"21":2,"22":2,"23":2,"24":0,"25":0,"26":0,"27":0,"28":0,"29":0,"30":0,"31":0,"32":0,"33":6},"f":{"0":0,"1":0,"2":0,"3":2,"4":2},"b":{"0":[0,0],"1":[0,0],"2":[0,0],"3":[0,0],"4":[0,0],"5":[0,0],"6":[0,0],"7":[2,0],"8":[2,0,0],"9":[0,0],"10":[2,0],"11":[2,0,0],"12":[0,0],"13":[0,0],"14":[0,0],"15":[0,0],"16":[0,0]},"_coverageSchema":"1a1c01bbd47fc00a2c39e90264f33305004495a9","hash":"ff92ad7a284ad4a7cd5426889db8f55f3124fc80"}
,"E:\\CrewPlus\\server\\src\\utils\\ApiError.js": {"path":"E:\\CrewPlus\\server\\src\\utils\\ApiError.js","statementMap":{"0":{"start":{"line":3,"column":4},"end":{"line":3,"column":19}},"1":{"start":{"line":4,"column":4},"end":{"line":4,"column":33}},"2":{"start":{"line":5,"column":4},"end":{"line":5,"column":25}},"3":{"start":{"line":6,"column":4},"end":{"line":6,"column":25}},"4":{"start":{"line":7,"column":4},"end":{"line":7,"column":52}},"5":{"start":{"line":11,"column":4},"end":{"line":11,"column":46}},"6":{"start":{"line":15,"column":4},"end":{"line":15,"column":38}},"7":{"start":{"line":19,"column":4},"end":{"line":19,"column":38}},"8":{"start":{"line":23,"column":4},"end":{"line":23,"column":38}},"9":{"start":{"line":27,"column":4},"end":{"line":27,"column":38}},"10":{"start":{"line":31,"column":0},"end":{"line":31,"column":26}}},"fnMap":{"0":{"name":"(anonymous_0)","decl":{"start":{"line":2,"column":2},"end":{"line":2,"column":3}},"loc":{"start":{"line":2,"column":48},"end":{"line":8,"column":3}},"line":2},"1":{"name":"(anonymous_1)","decl":{"start":{"line":10,"column":2},"end":{"line":10,"column":3}},"loc":{"start":{"line":10,"column":42},"end":{"line":12,"column":3}},"line":10},"2":{"name":"(anonymous_2)","decl":{"start":{"line":14,"column":2},"end":{"line":14,"column":3}},"loc":{"start":{"line":14,"column":55},"end":{"line":16,"column":3}},"line":14},"3":{"name":"(anonymous_3)","decl":{"start":{"line":18,"column":2},"end":{"line":18,"column":3}},"loc":{"start":{"line":18,"column":49},"end":{"line":20,"column":3}},"line":18},"4":{"name":"(anonymous_4)","decl":{"start":{"line":22,"column":2},"end":{"line":22,"column":3}},"loc":{"start":{"line":22,"column":50},"end":{"line":24,"column":3}},"line":22},"5":{"name":"(anonymous_5)","decl":{"start":{"line":26,"column":2},"end":{"line":26,"column":3}},"loc":{"start":{"line":26,"column":53},"end":{"line":28,"column":3}},"line":26}},"branchMap":{"0":{"loc":{"start":{"line":2,"column":35},"end":{"line":2,"column":46}},"type":"default-arg","locations":[{"start":{"line":2,"column":44},"end":{"line":2,"column":46}}],"line":2},"1":{"loc":{"start":{"line":10,"column":29},"end":{"line":10,"column":40}},"type":"default-arg","locations":[{"start":{"line":10,"column":38},"end":{"line":10,"column":40}}],"line":10},"2":{"loc":{"start":{"line":14,"column":22},"end":{"line":14,"column":53}},"type":"default-arg","locations":[{"start":{"line":14,"column":32},"end":{"line":14,"column":53}}],"line":14},"3":{"loc":{"start":{"line":18,"column":19},"end":{"line":18,"column":47}},"type":"default-arg","locations":[{"start":{"line":18,"column":29},"end":{"line":18,"column":47}}],"line":18},"4":{"loc":{"start":{"line":22,"column":18},"end":{"line":22,"column":48}},"type":"default-arg","locations":[{"start":{"line":22,"column":28},"end":{"line":22,"column":48}}],"line":22},"5":{"loc":{"start":{"line":26,"column":18},"end":{"line":26,"column":51}},"type":"default-arg","locations":[{"start":{"line":26,"column":28},"end":{"line":26,"column":51}}],"line":26}},"s":{"0":37,"1":37,"2":37,"3":37,"4":37,"5":17,"6":5,"7":10,"8":5,"9":0,"10":6},"f":{"0":37,"1":17,"2":5,"3":10,"4":5,"5":0},"b":{"0":[20],"1":[14],"2":[0],"3":[0],"4":[0],"5":[0]},"_coverageSchema":"1a1c01bbd47fc00a2c39e90264f33305004495a9","hash":"fe5a8b4b11aad3ea2e9c0771c3ad73a14a4f362f"}
,"E:\\CrewPlus\\server\\src\\utils\\ApiResponse.js": {"path":"E:\\CrewPlus\\server\\src\\utils\\ApiResponse.js","statementMap":{"0":{"start":{"line":3,"column":4},"end":{"line":3,"column":36}},"1":{"start":{"line":4,"column":4},"end":{"line":4,"column":33}},"2":{"start":{"line":5,"column":4},"end":{"line":5,"column":27}},"3":{"start":{"line":6,"column":4},"end":{"line":6,"column":21}},"4":{"start":{"line":10,"column":4},"end":{"line":10,"column":47}},"5":{"start":{"line":14,"column":4},"end":{"line":14,"column":47}},"6":{"start":{"line":18,"column":4},"end":{"line":22,"column":7}},"7":{"start":{"line":26,"column":0},"end":{"line":26,"column":29}}},"fnMap":{"0":{"name":"(anonymous_0)","decl":{"start":{"line":2,"column":2},"end":{"line":2,"column":3}},"loc":{"start":{"line":2,"column":53},"end":{"line":7,"column":3}},"line":2},"1":{"name":"(anonymous_1)","decl":{"start":{"line":9,"column":2},"end":{"line":9,"column":3}},"loc":{"start":{"line":9,"column":44},"end":{"line":11,"column":3}},"line":9},"2":{"name":"(anonymous_2)","decl":{"start":{"line":13,"column":2},"end":{"line":13,"column":3}},"loc":{"start":{"line":13,"column":57},"end":{"line":15,"column":3}},"line":13},"3":{"name":"(anonymous_3)","decl":{"start":{"line":17,"column":2},"end":{"line":17,"column":3}},"loc":{"start":{"line":17,"column":12},"end":{"line":23,"column":3}},"line":17}},"branchMap":{"0":{"loc":{"start":{"line":2,"column":32},"end":{"line":2,"column":51}},"type":"default-arg","locations":[{"start":{"line":2,"column":42},"end":{"line":2,"column":51}}],"line":2},"1":{"loc":{"start":{"line":9,"column":23},"end":{"line":9,"column":42}},"type":"default-arg","locations":[{"start":{"line":9,"column":33},"end":{"line":9,"column":42}}],"line":9},"2":{"loc":{"start":{"line":13,"column":23},"end":{"line":13,"column":55}},"type":"default-arg","locations":[{"start":{"line":13,"column":33},"end":{"line":13,"column":55}}],"line":13}},"s":{"0":71,"1":71,"2":71,"3":71,"4":59,"5":12,"6":71,"7":6},"f":{"0":71,"1":59,"2":12,"3":71},"b":{"0":[0],"1":[21],"2":[0]},"_coverageSchema":"1a1c01bbd47fc00a2c39e90264f33305004495a9","hash":"e4096ae23e850ca143b7e12cb3f6b43986df971a"}
,"E:\\CrewPlus\\server\\src\\utils\\asyncHandler.js": {"path":"E:\\CrewPlus\\server\\src\\utils\\asyncHandler.js","statementMap":{"0":{"start":{"line":1,"column":21},"end":{"line":3,"column":1}},"1":{"start":{"line":1,"column":29},"end":{"line":3,"column":1}},"2":{"start":{"line":2,"column":2},"end":{"line":2,"column":50}},"3":{"start":{"line":5,"column":0},"end":{"line":5,"column":30}}},"fnMap":{"0":{"name":"(anonymous_0)","decl":{"start":{"line":1,"column":21},"end":{"line":1,"column":22}},"loc":{"start":{"line":1,"column":29},"end":{"line":3,"column":1}},"line":1},"1":{"name":"(anonymous_1)","decl":{"start":{"line":1,"column":29},"end":{"line":1,"column":30}},"loc":{"start":{"line":1,"column":49},"end":{"line":3,"column":1}},"line":1}},"branchMap":{},"s":{"0":6,"1":282,"2":180,"3":6},"f":{"0":282,"1":180},"b":{},"_coverageSchema":"1a1c01bbd47fc00a2c39e90264f33305004495a9","hash":"ec4f442dfb8031b0225789f27fa8df0a67466967"}
,"E:\\CrewPlus\\server\\src\\utils\\generateToken.js": {"path":"E:\\CrewPlus\\server\\src\\utils\\generateToken.js","statementMap":{"0":{"start":{"line":1,"column":12},"end":{"line":1,"column":35}},"1":{"start":{"line":3,"column":22},"end":{"line":9,"column":1}},"2":{"start":{"line":4,"column":2},"end":{"line":8,"column":4}},"3":{"start":{"line":11,"column":0},"end":{"line":11,"column":31}}},"fnMap":{"0":{"name":"(anonymous_0)","decl":{"start":{"line":3,"column":22},"end":{"line":3,"column":23}},"loc":{"start":{"line":3,"column":40},"end":{"line":9,"column":1}},"line":3}},"branchMap":{"0":{"loc":{"start":{"line":7,"column":17},"end":{"line":7,"column":47}},"type":"binary-expr","locations":[{"start":{"line":7,"column":17},"end":{"line":7,"column":39}},{"start":{"line":7,"column":43},"end":{"line":7,"column":47}}],"line":7}},"s":{"0":6,"1":6,"2":4,"3":6},"f":{"0":4},"b":{"0":[4,4]},"_coverageSchema":"1a1c01bbd47fc00a2c39e90264f33305004495a9","hash":"50b73f4f1b10342cc8782aa5cf9223f41fcd8c89"}
,"E:\\CrewPlus\\server\\src\\validators\\authValidator.js": {"path":"E:\\CrewPlus\\server\\src\\validators\\authValidator.js","statementMap":{"0":{"start":{"line":1,"column":17},"end":{"line":1,"column":45}},"1":{"start":{"line":3,"column":26},"end":{"line":30,"column":1}},"2":{"start":{"line":32,"column":23},"end":{"line":44,"column":1}},"3":{"start":{"line":46,"column":31},"end":{"line":74,"column":1}},"4":{"start":{"line":76,"column":32},"end":{"line":86,"column":1}},"5":{"start":{"line":88,"column":0},"end":{"line":93,"column":2}}},"fnMap":{},"branchMap":{},"s":{"0":6,"1":6,"2":6,"3":6,"4":6,"5":6},"f":{},"b":{},"_coverageSchema":"1a1c01bbd47fc00a2c39e90264f33305004495a9","hash":"8bd98358afb9466e0a462cb2d375d5487b1f8129"}
,"E:\\CrewPlus\\server\\src\\validators\\cartValidator.js": {"path":"E:\\CrewPlus\\server\\src\\validators\\cartValidator.js","statementMap":{"0":{"start":{"line":1,"column":24},"end":{"line":1,"column":52}},"1":{"start":{"line":3,"column":27},"end":{"line":26,"column":1}},"2":{"start":{"line":28,"column":32},"end":{"line":38,"column":1}},"3":{"start":{"line":40,"column":32},"end":{"line":44,"column":1}},"4":{"start":{"line":46,"column":0},"end":{"line":50,"column":2}}},"fnMap":{},"branchMap":{},"s":{"0":6,"1":6,"2":6,"3":6,"4":6},"f":{},"b":{},"_coverageSchema":"1a1c01bbd47fc00a2c39e90264f33305004495a9","hash":"a911d55171252c0e67e5050ba0258bba65a85f2d"}
,"E:\\CrewPlus\\server\\src\\validators\\orderValidator.js": {"path":"E:\\CrewPlus\\server\\src\\validators\\orderValidator.js","statementMap":{"0":{"start":{"line":1,"column":31},"end":{"line":1,"column":59}},"1":{"start":{"line":2,"column":38},"end":{"line":2,"column":68}},"2":{"start":{"line":4,"column":29},"end":{"line":63,"column":1}},"3":{"start":{"line":65,"column":35},"end":{"line":75,"column":1}},"4":{"start":{"line":77,"column":32},"end":{"line":102,"column":1}},"5":{"start":{"line":104,"column":0},"end":{"line":108,"column":2}}},"fnMap":{},"branchMap":{},"s":{"0":6,"1":6,"2":6,"3":6,"4":6,"5":6},"f":{},"b":{},"_coverageSchema":"1a1c01bbd47fc00a2c39e90264f33305004495a9","hash":"3d348c19720a344a82c604489410941bd2fb26f1"}
,"E:\\CrewPlus\\server\\src\\validators\\productValidator.js": {"path":"E:\\CrewPlus\\server\\src\\validators\\productValidator.js","statementMap":{"0":{"start":{"line":1,"column":24},"end":{"line":1,"column":52}},"1":{"start":{"line":2,"column":23},"end":{"line":2,"column":53}},"2":{"start":{"line":4,"column":31},"end":{"line":57,"column":1}},"3":{"start":{"line":59,"column":31},"end":{"line":91,"column":1}},"4":{"start":{"line":93,"column":33},"end":{"line":109,"column":1}},"5":{"start":{"line":111,"column":0},"end":{"line":115,"column":2}}},"fnMap":{},"branchMap":{},"s":{"0":6,"1":6,"2":6,"3":6,"4":6,"5":6},"f":{},"b":{},"_coverageSchema":"1a1c01bbd47fc00a2c39e90264f33305004495a9","hash":"53f367d0c2fc9ef01e343ff732b242a025b98ee1"}
}
