TN:
SF:src\app.js
FN:26,(anonymous_0)
FN:36,(anonymous_1)
FNF:2
FNH:1
FNDA:0,(anonymous_0)
FNDA:2,(anonymous_1)
DA:1,6
DA:2,6
DA:3,6
DA:4,6
DA:5,6
DA:7,6
DA:10,6
DA:14,6
DA:15,6
DA:18,6
DA:19,0
DA:23,6
DA:26,6
DA:27,0
DA:36,6
DA:37,2
DA:44,6
DA:46,6
LF:18
LH:16
BRDA:11,0,0,6
BRDA:11,0,1,6
BRDA:18,1,0,0
BRDA:18,1,1,6
BRF:4
BRH:3
end_of_record
TN:
SF:src\config\constants.js
FNF:0
FNH:0
DA:1,6
LF:1
LH:1
BRF:0
BRH:0
end_of_record
TN:
SF:src\config\db.js
FN:3,(anonymous_0)
FNF:1
FNH:0
FNDA:0,(anonymous_0)
DA:1,0
DA:3,0
DA:4,0
DA:5,0
DA:6,0
DA:8,0
DA:9,0
DA:13,0
LF:8
LH:0
BRF:0
BRH:0
end_of_record
TN:
SF:src\controllers\authController.js
FN:11,(anonymous_0)
FN:40,(anonymous_1)
FN:76,(anonymous_2)
FN:85,(anonymous_3)
FN:104,(anonymous_4)
FN:128,(anonymous_5)
FN:160,(anonymous_6)
FN:188,(anonymous_7)
FN:220,(anonymous_8)
FNF:9
FNH:5
FNDA:2,(anonymous_0)
FNDA:4,(anonymous_1)
FNDA:1,(anonymous_2)
FNDA:1,(anonymous_3)
FNDA:2,(anonymous_4)
FNDA:0,(anonymous_5)
FNDA:0,(anonymous_6)
FNDA:0,(anonymous_7)
FNDA:0,(anonymous_8)
DA:1,6
DA:2,6
DA:3,6
DA:4,6
DA:5,6
DA:6,6
DA:11,6
DA:12,2
DA:15,2
DA:16,2
DA:17,1
DA:21,1
DA:29,1
DA:31,1
DA:40,6
DA:41,4
DA:44,4
DA:46,4
DA:47,1
DA:51,3
DA:52,0
DA:56,3
DA:57,3
DA:58,1
DA:62,2
DA:63,2
DA:65,2
DA:67,2
DA:76,6
DA:77,1
DA:85,6
DA:86,1
DA:88,1
DA:90,1
DA:91,1
DA:92,1
DA:94,1
DA:96,1
DA:104,6
DA:105,2
DA:107,2
DA:110,2
DA:111,2
DA:112,1
DA:115,1
DA:116,1
DA:118,1
DA:120,1
DA:128,6
DA:129,0
DA:131,0
DA:132,0
DA:133,0
DA:135,0
DA:137,0
DA:146,0
DA:160,6
DA:161,0
DA:163,0
DA:164,0
DA:167,0
DA:168,0
DA:169,0
DA:173,0
DA:174,0
DA:177,0
DA:178,0
DA:180,0
DA:188,6
DA:189,0
DA:192,0
DA:193,0
DA:194,0
DA:198,0
DA:199,0
DA:203,0
DA:212,0
DA:220,6
DA:221,0
DA:223,0
DA:224,0
DA:228,0
DA:229,0
DA:232,0
DA:233,0
DA:235,0
DA:240,6
LF:87
LH:52
BRDA:16,0,0,1
BRDA:16,0,1,1
BRDA:46,1,0,1
BRDA:46,1,1,3
BRDA:51,2,0,0
BRDA:51,2,1,3
BRDA:57,3,0,1
BRDA:57,3,1,2
BRDA:90,4,0,1
BRDA:90,4,1,0
BRDA:91,5,0,1
BRDA:91,5,1,0
BRDA:92,6,0,0
BRDA:92,6,1,1
BRDA:111,7,0,1
BRDA:111,7,1,1
BRDA:129,8,0,0
BRDA:129,9,0,0
BRDA:132,10,0,0
BRDA:132,10,1,0
BRDA:133,11,0,0
BRDA:133,11,1,0
BRDA:163,12,0,0
BRDA:163,12,1,0
BRDA:168,13,0,0
BRDA:168,13,1,0
BRDA:173,14,0,0
BRDA:173,14,1,0
BRDA:193,15,0,0
BRDA:193,15,1,0
BRDA:198,16,0,0
BRDA:198,16,1,0
BRDA:198,17,0,0
BRDA:198,17,1,0
BRDA:208,18,0,0
BRDA:208,18,1,0
BRDA:223,19,0,0
BRDA:223,19,1,0
BRDA:228,20,0,0
BRDA:228,20,1,0
BRDA:237,21,0,0
BRDA:237,21,1,0
BRF:42
BRH:12
end_of_record
TN:
SF:src\controllers\cartController.js
FN:9,(anonymous_0)
FN:33,(anonymous_1)
FN:49,(anonymous_2)
FN:86,(anonymous_3)
FN:92,(anonymous_4)
FN:98,(anonymous_5)
FN:113,(anonymous_6)
FN:158,(anonymous_7)
FN:189,(anonymous_8)
FN:216,(anonymous_9)
FN:245,(anonymous_10)
FNF:11
FNH:7
FNDA:17,(anonymous_0)
FNDA:3,(anonymous_1)
FNDA:18,(anonymous_2)
FNDA:0,(anonymous_3)
FNDA:0,(anonymous_4)
FNDA:0,(anonymous_5)
FNDA:2,(anonymous_6)
FNDA:1,(anonymous_7)
FNDA:2,(anonymous_8)
FNDA:2,(anonymous_9)
FNDA:0,(anonymous_10)
DA:1,6
DA:2,6
DA:3,6
DA:4,6
DA:5,6
DA:6,6
DA:9,6
DA:12,17
DA:13,12
DA:14,5
DA:15,5
DA:18,17
DA:19,16
DA:24,16
DA:27,17
DA:33,6
DA:34,3
DA:35,3
DA:37,3
DA:38,1
DA:41,2
DA:43,2
DA:49,6
DA:50,18
DA:51,18
DA:52,18
DA:54,18
DA:55,0
DA:59,18
DA:60,18
DA:61,1
DA:64,17
DA:65,1
DA:68,16
DA:69,1
DA:73,15
DA:76,15
DA:77,15
DA:78,15
DA:82,15
DA:83,15
DA:85,15
DA:86,0
DA:87,0
DA:92,0
DA:98,0
DA:102,15
DA:105,15
DA:107,15
DA:113,6
DA:114,2
DA:115,2
DA:116,2
DA:117,2
DA:119,2
DA:120,0
DA:124,2
DA:125,2
DA:127,0
DA:130,2
DA:131,0
DA:134,2
DA:135,2
DA:136,1
DA:140,1
DA:141,1
DA:142,1
DA:143,0
DA:147,1
DA:150,1
DA:152,1
DA:158,6
DA:159,1
DA:160,1
DA:161,1
DA:163,1
DA:164,0
DA:168,1
DA:169,1
DA:171,0
DA:174,1
DA:175,0
DA:178,1
DA:181,1
DA:183,1
DA:189,6
DA:190,2
DA:191,2
DA:193,2
DA:194,0
DA:198,2
DA:199,2
DA:201,0
DA:204,2
DA:205,0
DA:208,2
DA:210,2
DA:216,6
DA:217,2
DA:218,2
DA:220,2
DA:221,1
DA:225,1
DA:227,1
DA:229,0
DA:230,0
DA:231,0
DA:233,0
DA:237,1
DA:238,1
DA:239,1
DA:243,1
DA:244,1
DA:245,0
DA:249,1
DA:250,0
DA:252,1
DA:262,1
DA:265,1
DA:268,1
DA:270,1
DA:273,6
LF:122
LH:101
BRDA:12,0,0,12
BRDA:12,0,1,5
BRDA:14,1,0,5
BRDA:14,1,1,0
BRDA:18,2,0,16
BRDA:18,2,1,1
BRDA:20,3,0,16
BRDA:20,3,1,5
BRDA:21,4,0,11
BRDA:21,4,1,5
BRDA:37,5,0,1
BRDA:37,5,1,2
BRDA:37,6,0,3
BRDA:37,6,1,2
BRDA:50,7,0,3
BRDA:50,8,0,18
BRDA:54,9,0,0
BRDA:54,9,1,18
BRDA:54,10,0,18
BRDA:54,10,1,4
BRDA:60,11,0,1
BRDA:60,11,1,17
BRDA:64,12,0,1
BRDA:64,12,1,16
BRDA:68,13,0,1
BRDA:68,13,1,15
BRDA:77,14,0,15
BRDA:77,14,1,0
BRDA:77,15,0,15
BRDA:77,15,1,15
BRDA:85,16,0,0
BRDA:85,16,1,15
BRDA:86,17,0,0
BRDA:86,17,1,0
BRDA:119,18,0,0
BRDA:119,18,1,2
BRDA:119,19,0,2
BRDA:119,19,1,0
BRDA:124,20,0,2
BRDA:124,20,1,0
BRDA:130,21,0,0
BRDA:130,21,1,2
BRDA:135,22,0,1
BRDA:135,22,1,1
BRDA:140,23,0,1
BRDA:140,23,1,0
BRDA:142,24,0,0
BRDA:142,24,1,1
BRDA:163,25,0,0
BRDA:163,25,1,1
BRDA:163,26,0,1
BRDA:163,26,1,0
BRDA:168,27,0,1
BRDA:168,27,1,0
BRDA:174,28,0,0
BRDA:174,28,1,1
BRDA:193,29,0,0
BRDA:193,29,1,2
BRDA:193,30,0,2
BRDA:193,30,1,0
BRDA:198,31,0,2
BRDA:198,31,1,0
BRDA:204,32,0,0
BRDA:204,32,1,2
BRDA:220,33,0,1
BRDA:220,33,1,1
BRDA:227,34,0,0
BRDA:227,34,1,1
BRDA:227,35,0,1
BRDA:227,35,1,1
BRDA:230,36,0,0
BRDA:230,36,1,0
BRDA:238,37,0,1
BRDA:238,37,1,0
BRDA:245,38,0,0
BRDA:245,38,1,0
BRDA:249,39,0,0
BRDA:249,39,1,1
BRF:78
BRH:51
end_of_record
TN:
SF:src\controllers\couponController.js
FN:9,(anonymous_0)
FN:50,(anonymous_1)
FN:80,(anonymous_2)
FN:93,(anonymous_3)
FN:114,(anonymous_4)
FN:128,(anonymous_5)
FN:143,(anonymous_6)
FN:177,(anonymous_7)
FN:205,(anonymous_8)
FNF:9
FNH:7
FNDA:3,(anonymous_0)
FNDA:1,(anonymous_1)
FNDA:0,(anonymous_2)
FNDA:1,(anonymous_3)
FNDA:11,(anonymous_4)
FNDA:1,(anonymous_5)
FNDA:5,(anonymous_6)
FNDA:0,(anonymous_7)
FNDA:2,(anonymous_8)
DA:1,6
DA:2,6
DA:3,6
DA:4,6
DA:9,6
DA:22,3
DA:25,3
DA:26,3
DA:27,1
DA:30,2
DA:44,2
DA:50,6
DA:51,1
DA:53,1
DA:54,1
DA:56,1
DA:58,1
DA:66,1
DA:80,6
DA:81,0
DA:83,0
DA:84,0
DA:87,0
DA:93,6
DA:94,1
DA:96,1
DA:97,0
DA:100,1
DA:114,1
DA:115,11
DA:116,2
DA:120,1
DA:122,1
DA:128,6
DA:129,1
DA:131,1
DA:132,0
DA:135,1
DA:137,1
DA:143,6
DA:144,5
DA:145,5
DA:147,5
DA:148,0
DA:151,5
DA:153,5
DA:154,1
DA:158,4
DA:159,4
DA:160,1
DA:163,3
DA:164,0
DA:167,3
DA:168,1
DA:171,2
DA:172,0
DA:176,2
DA:177,0
DA:178,0
DA:179,0
DA:184,2
DA:185,1
DA:189,1
DA:191,1
DA:205,6
DA:206,2
DA:208,2
DA:209,0
DA:212,2
DA:213,2
DA:215,2
DA:218,6
LF:72
LH:59
BRDA:26,0,0,1
BRDA:26,0,1,2
BRDA:51,1,0,1
BRDA:51,2,0,1
BRDA:54,3,0,0
BRDA:54,3,1,1
BRDA:83,4,0,0
BRDA:83,4,1,0
BRDA:96,5,0,0
BRDA:96,5,1,1
BRDA:115,6,0,2
BRDA:115,6,1,9
BRDA:131,7,0,0
BRDA:131,7,1,1
BRDA:147,8,0,0
BRDA:147,8,1,5
BRDA:153,9,0,1
BRDA:153,9,1,4
BRDA:159,10,0,1
BRDA:159,10,1,3
BRDA:163,11,0,0
BRDA:163,11,1,3
BRDA:167,12,0,1
BRDA:167,12,1,2
BRDA:171,13,0,0
BRDA:171,13,1,2
BRDA:171,14,0,2
BRDA:171,14,1,0
BRDA:176,15,0,0
BRDA:176,15,1,2
BRDA:178,16,0,0
BRDA:178,16,1,0
BRDA:184,17,0,1
BRDA:184,17,1,1
BRDA:208,18,0,0
BRDA:208,18,1,2
BRDA:215,19,0,1
BRDA:215,19,1,1
BRF:38
BRH:25
end_of_record
TN:
SF:src\controllers\customizationController.js
FN:9,(anonymous_0)
FN:19,(anonymous_1)
FN:33,(anonymous_2)
FN:42,(anonymous_3)
FN:59,(anonymous_4)
FN:68,(anonymous_5)
FN:82,(anonymous_6)
FN:97,(anonymous_7)
FNF:8
FNH:7
FNDA:4,(anonymous_0)
FNDA:11,(anonymous_1)
FNDA:0,(anonymous_2)
FNDA:7,(anonymous_3)
FNDA:1,(anonymous_4)
FNDA:6,(anonymous_5)
FNDA:1,(anonymous_6)
FNDA:2,(anonymous_7)
DA:1,6
DA:2,6
DA:3,6
DA:4,6
DA:9,6
DA:10,4
DA:12,4
DA:13,4
DA:14,4
DA:16,4
DA:19,4
DA:20,11
DA:21,7
DA:23,11
DA:24,11
DA:27,4
DA:33,6
DA:34,0
DA:36,0
DA:42,6
DA:43,7
DA:45,7
DA:53,6
DA:59,6
DA:60,1
DA:62,1
DA:63,0
DA:66,1
DA:68,1
DA:69,6
DA:70,2
DA:74,1
DA:76,1
DA:82,6
DA:83,1
DA:85,1
DA:86,0
DA:89,1
DA:91,1
DA:97,6
DA:98,2
DA:100,2
DA:101,0
DA:104,2
DA:105,2
DA:107,2
DA:110,6
LF:47
LH:42
BRDA:13,0,0,1
BRDA:13,0,1,3
BRDA:14,1,0,1
BRDA:14,1,1,3
BRDA:20,2,0,7
BRDA:20,2,1,4
BRDA:48,3,0,7
BRDA:48,3,1,0
BRDA:50,4,0,7
BRDA:50,4,1,0
BRDA:62,5,0,0
BRDA:62,5,1,1
BRDA:69,6,0,2
BRDA:69,6,1,4
BRDA:85,7,0,0
BRDA:85,7,1,1
BRDA:100,8,0,0
BRDA:100,8,1,2
BRDA:107,9,0,1
BRDA:107,9,1,1
BRF:20
BRH:15
end_of_record
TN:
SF:src\controllers\orderController.js
FN:14,(anonymous_0)
FN:68,(anonymous_1)
FN:82,(anonymous_2)
FN:134,(anonymous_3)
FN:146,(anonymous_4)
FN:165,(anonymous_5)
FN:196,(anonymous_6)
FN:235,(anonymous_7)
FN:279,(anonymous_8)
FN:289,(anonymous_9)
FN:324,(anonymous_10)
FN:355,(anonymous_11)
FNF:12
FNH:8
FNDA:4,(anonymous_0)
FNDA:0,(anonymous_1)
FNDA:2,(anonymous_2)
FNDA:0,(anonymous_3)
FNDA:2,(anonymous_4)
FNDA:1,(anonymous_5)
FNDA:2,(anonymous_6)
FNDA:3,(anonymous_7)
FNDA:0,(anonymous_8)
FNDA:2,(anonymous_9)
FNDA:0,(anonymous_10)
FNDA:2,(anonymous_11)
DA:1,6
DA:2,6
DA:3,6
DA:4,6
DA:5,6
DA:6,6
DA:7,6
DA:8,6
DA:9,6
DA:14,6
DA:15,4
DA:16,4
DA:17,4
DA:19,4
DA:20,0
DA:25,4
DA:26,3
DA:28,1
DA:31,4
DA:32,1
DA:36,3
DA:37,3
DA:38,3
DA:39,1
DA:46,2
DA:49,2
DA:50,2
DA:52,2
DA:53,0
DA:55,0
DA:57,0
DA:58,0
DA:59,0
DA:61,0
DA:62,0
DA:64,0
DA:65,0
DA:67,0
DA:68,0
DA:69,0
DA:70,0
DA:73,0
DA:74,0
DA:77,0
DA:82,2
DA:94,2
DA:97,2
DA:116,2
DA:117,0
DA:121,2
DA:122,2
DA:128,2
DA:131,2
DA:134,2
DA:135,0
DA:138,2
DA:146,6
DA:147,2
DA:149,2
DA:150,0
DA:154,2
DA:156,0
DA:159,2
DA:165,6
DA:166,1
DA:168,1
DA:169,1
DA:171,1
DA:173,1
DA:182,1
DA:196,6
DA:197,2
DA:199,2
DA:200,2
DA:201,2
DA:202,2
DA:203,0
DA:209,2
DA:211,2
DA:221,2
DA:235,6
DA:236,3
DA:238,3
DA:240,3
DA:241,0
DA:245,3
DA:254,3
DA:255,1
DA:260,2
DA:262,2
DA:263,0
DA:264,0
DA:268,2
DA:269,1
DA:270,1
DA:276,2
DA:279,2
DA:280,0
DA:283,2
DA:289,6
DA:290,2
DA:292,2
DA:293,0
DA:297,2
DA:299,0
DA:303,2
DA:304,1
DA:307,1
DA:310,1
DA:311,1
DA:316,1
DA:318,1
DA:324,6
DA:325,0
DA:327,0
DA:328,0
DA:331,0
DA:345,0
DA:355,6
DA:356,2
DA:359,2
DA:360,1
DA:363,1
DA:366,6
LF:124
LH:91
BRDA:19,0,0,0
BRDA:19,0,1,4
BRDA:19,1,0,4
BRDA:19,1,1,1
BRDA:25,2,0,3
BRDA:25,2,1,1
BRDA:31,3,0,1
BRDA:31,3,1,3
BRDA:31,4,0,4
BRDA:31,4,1,4
BRDA:38,5,0,1
BRDA:38,5,1,2
BRDA:46,6,0,1
BRDA:46,6,1,1
BRDA:52,7,0,0
BRDA:52,7,1,2
BRDA:55,8,0,0
BRDA:55,8,1,0
BRDA:58,9,0,0
BRDA:58,9,1,0
BRDA:61,10,0,0
BRDA:61,10,1,0
BRDA:61,11,0,0
BRDA:61,11,1,0
BRDA:64,12,0,0
BRDA:64,12,1,0
BRDA:64,13,0,0
BRDA:64,13,1,0
BRDA:67,14,0,0
BRDA:67,14,1,0
BRDA:69,15,0,0
BRDA:69,15,1,0
BRDA:73,16,0,0
BRDA:73,16,1,0
BRDA:88,17,0,2
BRDA:88,17,1,0
BRDA:89,18,0,2
BRDA:89,18,1,2
BRDA:99,19,0,1
BRDA:99,19,1,1
BRDA:105,20,0,0
BRDA:105,20,1,2
BRDA:109,21,0,1
BRDA:109,21,1,1
BRDA:112,22,0,1
BRDA:112,22,1,1
BRDA:116,23,0,0
BRDA:116,23,1,2
BRDA:149,24,0,0
BRDA:149,24,1,2
BRDA:154,25,0,0
BRDA:154,25,1,2
BRDA:154,26,0,2
BRDA:154,26,1,1
BRDA:166,27,0,1
BRDA:166,28,0,1
BRDA:169,29,0,0
BRDA:169,29,1,1
BRDA:197,30,0,2
BRDA:197,31,0,2
BRDA:200,32,0,1
BRDA:200,32,1,1
BRDA:201,33,0,0
BRDA:201,33,1,2
BRDA:202,34,0,0
BRDA:202,34,1,2
BRDA:202,35,0,2
BRDA:202,35,1,0
BRDA:240,36,0,0
BRDA:240,36,1,3
BRDA:254,37,0,1
BRDA:254,37,1,2
BRDA:262,38,0,0
BRDA:262,38,1,2
BRDA:268,39,0,1
BRDA:268,39,1,1
BRDA:292,40,0,0
BRDA:292,40,1,2
BRDA:297,41,0,0
BRDA:297,41,1,2
BRDA:297,42,0,2
BRDA:297,42,1,2
BRDA:303,43,0,1
BRDA:303,43,1,1
BRDA:359,44,0,1
BRDA:359,44,1,1
BRF:86
BRH:53
end_of_record
TN:
SF:src\controllers\productController.js
FN:9,(anonymous_0)
FN:50,(anonymous_1)
FN:55,(anonymous_2)
FN:56,(anonymous_3)
FN:57,(anonymous_4)
FN:66,(anonymous_5)
FN:79,(anonymous_6)
FN:88,(anonymous_7)
FN:107,(anonymous_8)
FN:124,(anonymous_9)
FN:159,(anonymous_10)
FN:196,(anonymous_11)
FNF:12
FNH:10
FNDA:3,(anonymous_0)
FNDA:2,(anonymous_1)
FNDA:6,(anonymous_2)
FNDA:6,(anonymous_3)
FNDA:6,(anonymous_4)
FNDA:2,(anonymous_5)
FNDA:1,(anonymous_6)
FNDA:1,(anonymous_7)
FNDA:1,(anonymous_8)
FNDA:0,(anonymous_9)
FNDA:0,(anonymous_10)
FNDA:1,(anonymous_11)
DA:1,6
DA:2,6
DA:3,6
DA:4,6
DA:9,6
DA:10,3
DA:12,3
DA:14,3
DA:15,3
DA:16,3
DA:17,3
DA:19,3
DA:20,0
DA:26,3
DA:28,3
DA:36,3
DA:50,6
DA:51,2
DA:54,2
DA:55,6
DA:56,6
DA:57,6
DA:60,2
DA:66,6
DA:67,2
DA:69,2
DA:70,1
DA:73,1
DA:79,6
DA:80,1
DA:82,1
DA:88,6
DA:89,1
DA:91,1
DA:92,0
DA:95,1
DA:101,1
DA:107,6
DA:108,1
DA:110,1
DA:111,0
DA:115,1
DA:116,1
DA:118,1
DA:124,6
DA:125,0
DA:127,0
DA:129,0
DA:130,0
DA:133,0
DA:135,0
DA:136,0
DA:138,0
DA:139,0
DA:141,0
DA:142,0
DA:144,0
DA:145,0
DA:147,0
DA:148,0
DA:151,0
DA:153,0
DA:159,6
DA:160,0
DA:162,0
DA:164,0
DA:165,0
DA:166,0
DA:172,0
DA:174,0
DA:182,0
DA:196,6
DA:197,1
DA:199,1
DA:204,1
DA:207,6
LF:76
LH:48
BRDA:10,0,0,3
BRDA:10,1,0,3
BRDA:14,2,0,1
BRDA:14,2,1,2
BRDA:15,3,0,0
BRDA:15,3,1,3
BRDA:16,4,0,0
BRDA:16,4,1,3
BRDA:17,5,0,0
BRDA:17,5,1,3
BRDA:19,6,0,0
BRDA:19,6,1,3
BRDA:69,7,0,1
BRDA:69,7,1,1
BRDA:91,8,0,0
BRDA:91,8,1,1
BRDA:110,9,0,0
BRDA:110,9,1,1
BRDA:129,10,0,0
BRDA:129,10,1,0
BRDA:133,11,0,0
BRDA:133,11,1,0
BRDA:133,11,2,0
BRDA:138,12,0,0
BRDA:138,12,1,0
BRDA:144,13,0,0
BRDA:144,13,1,0
BRDA:160,14,0,0
BRDA:160,15,0,0
BRDA:164,16,0,0
BRDA:164,16,1,0
BRDA:165,17,0,0
BRDA:165,17,1,0
BRDA:197,18,0,1
BRDA:197,18,1,0
BRF:35
BRH:13
end_of_record
TN:
SF:src\middleware\auth.js
FN:8,(anonymous_0)
FN:34,(anonymous_1)
FN:55,(anonymous_2)
FN:56,(anonymous_3)
FN:76,(anonymous_4)
FNF:5
FNH:4
FNDA:52,(anonymous_0)
FNDA:35,(anonymous_1)
FNDA:12,(anonymous_2)
FNDA:38,(anonymous_3)
FNDA:0,(anonymous_4)
DA:1,6
DA:2,6
DA:3,6
DA:4,6
DA:5,6
DA:8,6
DA:11,52
DA:12,50
DA:15,52
DA:16,2
DA:19,50
DA:20,50
DA:21,49
DA:23,49
DA:24,0
DA:27,49
DA:29,1
DA:34,6
DA:37,35
DA:38,23
DA:41,35
DA:42,23
DA:43,23
DA:44,23
DA:47,0
DA:51,35
DA:55,6
DA:56,12
DA:57,38
DA:58,0
DA:61,38
DA:62,10
DA:65,28
DA:70,6
DA:73,6
DA:76,6
DA:77,0
DA:79,0
DA:80,0
DA:83,0
DA:86,6
LF:41
LH:34
BRDA:11,0,0,50
BRDA:11,0,1,2
BRDA:11,1,0,52
BRDA:11,1,1,50
BRDA:15,2,0,2
BRDA:15,2,1,50
BRDA:23,3,0,0
BRDA:23,3,1,49
BRDA:37,4,0,23
BRDA:37,4,1,12
BRDA:37,5,0,35
BRDA:37,5,1,23
BRDA:41,6,0,23
BRDA:41,6,1,12
BRDA:57,7,0,0
BRDA:57,7,1,38
BRDA:61,8,0,10
BRDA:61,8,1,28
BRDA:79,9,0,0
BRDA:79,9,1,0
BRDA:79,10,0,0
BRDA:79,10,1,0
BRF:22
BRH:16
end_of_record
TN:
SF:src\middleware\errorHandler.js
FN:3,(anonymous_0)
FN:24,(anonymous_1)
FNF:2
FNH:2
FNDA:37,(anonymous_0)
FNDA:1,(anonymous_1)
DA:1,6
DA:3,6
DA:4,37
DA:7,37
DA:8,0
DA:12,37
DA:13,0
DA:17,37
DA:18,0
DA:19,0
DA:23,37
DA:24,1
DA:25,1
DA:29,37
DA:30,0
DA:33,37
DA:34,0
DA:37,37
DA:38,37
DA:40,37
DA:48,6
LF:21
LH:15
BRDA:7,0,0,0
BRDA:7,0,1,37
BRDA:12,1,0,0
BRDA:12,1,1,37
BRDA:17,2,0,0
BRDA:17,2,1,37
BRDA:23,3,0,1
BRDA:23,3,1,36
BRDA:29,4,0,0
BRDA:29,4,1,37
BRDA:33,5,0,0
BRDA:33,5,1,37
BRDA:37,6,0,37
BRDA:37,6,1,0
BRDA:38,7,0,37
BRDA:38,7,1,0
BRDA:43,8,0,37
BRDA:43,8,1,0
BRDA:44,9,0,37
BRDA:44,9,1,0
BRF:20
BRH:11
end_of_record
TN:
SF:src\middleware\validate.js
FN:4,(anonymous_0)
FN:8,(anonymous_1)
FNF:2
FNH:2
FNDA:44,(anonymous_0)
FNDA:2,(anonymous_1)
DA:1,6
DA:2,6
DA:4,6
DA:5,44
DA:7,44
DA:8,2
DA:9,2
DA:12,42
DA:15,6
LF:9
LH:9
BRDA:7,0,0,2
BRDA:7,0,1,42
BRF:2
BRH:2
end_of_record
TN:
SF:src\models\Cart.js
FN:53,(anonymous_0)
FN:79,(anonymous_1)
FN:80,(anonymous_2)
FN:93,(anonymous_3)
FN:95,(anonymous_4)
FN:97,(anonymous_5)
FN:98,(anonymous_6)
FN:122,(anonymous_7)
FN:138,(anonymous_8)
FN:144,(anonymous_9)
FNF:10
FNH:8
FNDA:39,(anonymous_0)
FNDA:39,(anonymous_1)
FNDA:18,(anonymous_2)
FNDA:15,(anonymous_3)
FNDA:0,(anonymous_4)
FNDA:1,(anonymous_5)
FNDA:0,(anonymous_6)
FNDA:1,(anonymous_7)
FNDA:1,(anonymous_8)
FNDA:4,(anonymous_9)
DA:1,6
DA:3,6
DA:13,6
DA:46,6
DA:54,39
DA:75,6
DA:76,6
DA:79,6
DA:80,39
DA:81,18
DA:82,18
DA:86,39
DA:87,39
DA:89,39
DA:93,6
DA:95,15
DA:97,15
DA:98,1
DA:99,1
DA:104,15
DA:105,0
DA:107,15
DA:118,15
DA:122,6
DA:123,1
DA:124,1
DA:125,0
DA:128,1
DA:129,0
DA:131,1
DA:134,1
DA:138,6
DA:139,1
DA:140,1
DA:144,6
DA:145,4
DA:146,4
DA:149,6
LF:38
LH:35
BRDA:81,0,0,18
BRDA:81,0,1,18
BRDA:93,1,0,0
BRDA:93,2,0,0
BRDA:98,3,0,1
BRDA:98,3,1,0
BRDA:99,4,0,1
BRDA:99,4,1,0
BRDA:99,4,2,0
BRDA:104,5,0,0
BRDA:104,5,1,15
BRDA:124,6,0,0
BRDA:124,6,1,1
BRDA:128,7,0,0
BRDA:128,7,1,1
BRF:15
BRH:7
end_of_record
TN:
SF:src\models\Coupon.js
FN:81,(anonymous_0)
FN:90,(anonymous_1)
FN:94,(anonymous_2)
FN:104,(anonymous_3)
FN:131,(anonymous_4)
FNF:5
FNH:1
FNDA:0,(anonymous_0)
FNDA:0,(anonymous_1)
FNDA:0,(anonymous_2)
FNDA:1,(anonymous_3)
FNDA:0,(anonymous_4)
DA:1,6
DA:2,6
DA:4,6
DA:78,6
DA:81,6
DA:82,0
DA:83,0
DA:90,6
DA:91,0
DA:93,0
DA:94,0
DA:95,0
DA:96,0
DA:100,0
DA:104,6
DA:105,1
DA:106,0
DA:109,1
DA:111,1
DA:112,1
DA:114,0
DA:118,1
DA:119,0
DA:123,1
DA:124,0
DA:127,1
DA:131,6
DA:132,0
DA:133,0
DA:138,0
DA:141,6
LF:31
LH:16
BRDA:83,0,0,0
BRDA:83,0,1,0
BRDA:83,0,2,0
BRDA:83,0,3,0
BRDA:83,0,4,0
BRDA:91,1,0,0
BRDA:91,1,1,0
BRDA:93,2,0,0
BRDA:93,2,1,0
BRDA:95,3,0,0
BRDA:95,3,1,0
BRDA:105,4,0,0
BRDA:105,4,1,1
BRDA:111,5,0,1
BRDA:111,5,1,0
BRDA:118,6,0,0
BRDA:118,6,1,1
BRDA:118,7,0,1
BRDA:118,7,1,1
BRDA:123,8,0,0
BRDA:123,8,1,1
BRF:21
BRH:6
end_of_record
TN:
SF:src\models\Customization.js
FNF:0
FNH:0
DA:1,6
DA:2,6
DA:4,6
DA:39,6
DA:41,6
LF:5
LH:5
BRF:0
BRH:0
end_of_record
TN:
SF:src\models\Order.js
FN:50,(anonymous_0)
FN:135,(anonymous_1)
FN:151,(anonymous_2)
FN:206,(anonymous_3)
FNF:4
FNH:2
FNDA:2,(anonymous_0)
FNDA:22,(anonymous_1)
FNDA:0,(anonymous_2)
FNDA:0,(anonymous_3)
DA:1,6
DA:2,6
DA:4,6
DA:13,6
DA:45,6
DA:50,2
DA:130,6
DA:131,6
DA:132,6
DA:135,6
DA:136,22
DA:137,0
DA:138,0
DA:139,0
DA:145,0
DA:147,22
DA:151,6
DA:152,0
DA:153,0
DA:154,0
DA:157,0
DA:175,0
DA:180,0
DA:192,0
DA:206,6
DA:207,0
DA:222,6
LF:27
LH:15
BRDA:136,0,0,0
BRDA:136,0,1,22
BRDA:153,1,0,0
BRDA:153,1,1,0
BRDA:153,2,0,0
BRDA:153,2,1,0
BRDA:193,3,0,0
BRDA:193,3,1,0
BRDA:206,4,0,0
BRF:9
BRH:1
end_of_record
TN:
SF:src\models\Product.js
FN:75,(anonymous_0)
FN:80,(anonymous_1)
FN:85,(anonymous_2)
FN:94,(anonymous_3)
FNF:4
FNH:1
FNDA:0,(anonymous_0)
FNDA:20,(anonymous_1)
FNDA:0,(anonymous_2)
FNDA:0,(anonymous_3)
DA:1,6
DA:2,6
DA:4,6
DA:71,6
DA:72,6
DA:75,6
DA:76,0
DA:80,6
DA:81,20
DA:85,6
DA:86,0
DA:87,0
DA:89,0
DA:90,0
DA:94,6
DA:95,0
DA:96,0
DA:99,6
LF:18
LH:11
BRDA:76,0,0,0
BRDA:76,0,1,0
BRDA:86,1,0,0
BRDA:86,1,1,0
BRF:4
BRH:0
end_of_record
TN:
SF:src\models\User.js
FN:59,(anonymous_0)
FN:70,(anonymous_1)
FN:75,(anonymous_2)
FN:84,(anonymous_3)
FNF:4
FNH:4
FNDA:154,(anonymous_0)
FNDA:5,(anonymous_1)
FNDA:145,(anonymous_2)
FNDA:5,(anonymous_3)
DA:1,6
DA:2,6
DA:3,6
DA:4,6
DA:6,6
DA:59,6
DA:60,154
DA:61,3
DA:64,151
DA:65,151
DA:66,151
DA:70,6
DA:71,5
DA:75,6
DA:76,145
DA:84,6
DA:85,5
DA:97,6
LF:18
LH:18
BRDA:60,0,0,3
BRDA:60,0,1,151
BRDA:78,1,0,145
BRDA:78,1,1,0
BRDA:79,2,0,145
BRDA:79,2,1,145
BRF:6
BRH:5
end_of_record
TN:
SF:src\routes\authRoutes.js
FNF:0
FNH:0
DA:1,6
DA:2,6
DA:13,6
DA:14,6
DA:15,6
DA:21,6
DA:24,6
DA:25,6
DA:28,6
DA:29,6
DA:30,6
DA:33,6
DA:34,6
DA:35,6
DA:36,6
DA:38,6
LF:16
LH:16
BRF:0
BRH:0
end_of_record
TN:
SF:src\routes\cartRoutes.js
FNF:0
FNH:0
DA:1,6
DA:2,6
DA:10,6
DA:11,6
DA:12,6
DA:17,6
DA:20,6
DA:21,6
DA:22,6
DA:23,6
DA:24,6
DA:27,6
DA:29,6
LF:13
LH:13
BRF:0
BRH:0
end_of_record
TN:
SF:src\routes\couponRoutes.js
FNF:0
FNH:0
DA:1,6
DA:2,6
DA:11,6
DA:12,6
DA:15,6
DA:18,6
DA:19,6
DA:20,6
DA:21,6
DA:22,6
DA:23,6
DA:25,6
LF:12
LH:12
BRF:0
BRH:0
end_of_record
TN:
SF:src\routes\customizationRoutes.js
FNF:0
FNH:0
DA:1,6
DA:2,6
DA:10,6
DA:11,6
DA:14,6
DA:17,6
DA:18,6
DA:19,6
DA:20,6
DA:21,6
DA:23,6
LF:11
LH:11
BRF:0
BRH:0
end_of_record
TN:
SF:src\routes\index.js
FN:12,(anonymous_0)
FNF:1
FNH:0
FNDA:0,(anonymous_0)
DA:1,6
DA:2,6
DA:4,6
DA:5,6
DA:6,6
DA:7,6
DA:8,6
DA:9,6
DA:12,6
DA:13,0
DA:21,6
DA:22,6
DA:23,6
DA:24,6
DA:25,6
DA:26,6
DA:28,6
LF:17
LH:16
BRF:0
BRH:0
end_of_record
TN:
SF:src\routes\orderRoutes.js
FNF:0
FNH:0
DA:1,6
DA:2,6
DA:12,6
DA:13,6
DA:14,6
DA:19,6
DA:22,6
DA:25,6
DA:28,6
DA:29,6
DA:30,6
DA:33,6
DA:34,6
DA:35,6
DA:37,6
LF:15
LH:15
BRF:0
BRH:0
end_of_record
TN:
SF:src\routes\productRoutes.js
FNF:0
FNH:0
DA:1,6
DA:2,6
DA:13,6
DA:14,6
DA:15,6
DA:20,6
DA:23,6
DA:24,6
DA:25,6
DA:28,6
DA:29,6
DA:30,6
DA:31,6
DA:32,6
DA:33,6
DA:35,6
LF:16
LH:16
BRF:0
BRH:0
end_of_record
TN:
SF:src\services\emailService.js
FN:4,(anonymous_0)
FN:17,(anonymous_1)
FN:18,(anonymous_2)
FN:159,(anonymous_3)
FN:186,(anonymous_4)
FNF:5
FNH:2
FNDA:0,(anonymous_0)
FNDA:0,(anonymous_1)
FNDA:0,(anonymous_2)
FNDA:2,(anonymous_3)
FNDA:2,(anonymous_4)
DA:1,6
DA:4,6
DA:5,0
DA:17,6
DA:18,0
DA:27,0
DA:40,0
DA:159,6
DA:161,2
DA:162,2
DA:163,2
DA:166,0
DA:167,0
DA:169,0
DA:176,0
DA:177,0
DA:178,0
DA:180,0
DA:181,0
DA:186,6
DA:187,2
DA:188,2
DA:189,2
DA:192,0
DA:202,0
DA:203,0
DA:205,0
DA:240,0
DA:241,0
DA:242,0
DA:244,0
DA:245,0
DA:249,6
LF:33
LH:12
BRDA:21,0,0,0
BRDA:21,0,1,0
BRDA:27,1,0,0
BRDA:27,1,1,0
BRDA:27,2,0,0
BRDA:27,2,1,0
BRDA:33,3,0,0
BRDA:33,3,1,0
BRDA:81,4,0,0
BRDA:81,4,1,0
BRDA:114,5,0,0
BRDA:114,5,1,0
BRDA:120,6,0,0
BRDA:120,6,1,0
BRDA:161,7,0,2
BRDA:161,7,1,0
BRDA:161,8,0,2
BRDA:161,8,1,0
BRDA:161,8,2,0
BRDA:170,9,0,0
BRDA:170,9,1,0
BRDA:187,10,0,2
BRDA:187,10,1,0
BRDA:187,11,0,2
BRDA:187,11,1,0
BRDA:187,11,2,0
BRDA:195,12,0,0
BRDA:195,12,1,0
BRDA:206,13,0,0
BRDA:206,13,1,0
BRDA:223,14,0,0
BRDA:223,14,1,0
BRDA:224,15,0,0
BRDA:224,15,1,0
BRDA:227,16,0,0
BRDA:227,16,1,0
BRF:36
BRH:4
end_of_record
TN:
SF:src\utils\ApiError.js
FN:2,(anonymous_0)
FN:10,(anonymous_1)
FN:14,(anonymous_2)
FN:18,(anonymous_3)
FN:22,(anonymous_4)
FN:26,(anonymous_5)
FNF:6
FNH:5
FNDA:37,(anonymous_0)
FNDA:17,(anonymous_1)
FNDA:5,(anonymous_2)
FNDA:10,(anonymous_3)
FNDA:5,(anonymous_4)
FNDA:0,(anonymous_5)
DA:3,37
DA:4,37
DA:5,37
DA:6,37
DA:7,37
DA:11,17
DA:15,5
DA:19,10
DA:23,5
DA:27,0
DA:31,6
LF:11
LH:10
BRDA:2,0,0,20
BRDA:10,1,0,14
BRDA:14,2,0,0
BRDA:18,3,0,0
BRDA:22,4,0,0
BRDA:26,5,0,0
BRF:6
BRH:2
end_of_record
TN:
SF:src\utils\ApiResponse.js
FN:2,(anonymous_0)
FN:9,(anonymous_1)
FN:13,(anonymous_2)
FN:17,(anonymous_3)
FNF:4
FNH:4
FNDA:71,(anonymous_0)
FNDA:59,(anonymous_1)
FNDA:12,(anonymous_2)
FNDA:71,(anonymous_3)
DA:3,71
DA:4,71
DA:5,71
DA:6,71
DA:10,59
DA:14,12
DA:18,71
DA:26,6
LF:8
LH:8
BRDA:2,0,0,0
BRDA:9,1,0,21
BRDA:13,2,0,0
BRF:3
BRH:1
end_of_record
TN:
SF:src\utils\asyncHandler.js
FN:1,(anonymous_0)
FN:1,(anonymous_1)
FNF:2
FNH:2
FNDA:282,(anonymous_0)
FNDA:180,(anonymous_1)
DA:1,282
DA:2,180
DA:5,6
LF:3
LH:3
BRF:0
BRH:0
end_of_record
TN:
SF:src\utils\generateToken.js
FN:3,(anonymous_0)
FNF:1
FNH:1
FNDA:4,(anonymous_0)
DA:1,6
DA:3,6
DA:4,4
DA:11,6
LF:4
LH:4
BRDA:7,0,0,4
BRDA:7,0,1,4
BRF:2
BRH:2
end_of_record
TN:
SF:src\validators\authValidator.js
FNF:0
FNH:0
DA:1,6
DA:3,6
DA:32,6
DA:46,6
DA:76,6
DA:88,6
LF:6
LH:6
BRF:0
BRH:0
end_of_record
TN:
SF:src\validators\cartValidator.js
FNF:0
FNH:0
DA:1,6
DA:3,6
DA:28,6
DA:40,6
DA:46,6
LF:5
LH:5
BRF:0
BRH:0
end_of_record
TN:
SF:src\validators\orderValidator.js
FNF:0
FNH:0
DA:1,6
DA:2,6
DA:4,6
DA:65,6
DA:77,6
DA:104,6
LF:6
LH:6
BRF:0
BRH:0
end_of_record
TN:
SF:src\validators\productValidator.js
FNF:0
FNH:0
DA:1,6
DA:2,6
DA:4,6
DA:59,6
DA:93,6
DA:111,6
LF:6
LH:6
BRF:0
BRH:0
end_of_record
